[2025-01-29 21:09:17,003][__main__][INFO] - ---------------------------------mask_ratio=0.3k_sample=4--------------------------------------------
[2025-01-29 21:09:17,018][__main__][INFO] - Configurations:
base:
  seed: 1234
  amp: true
  image_size: 224
  text_max_length: 150
  loss_best: contrastive
  data_frac: 1.0
  output:
    checkpoint: ./outputs/Ksample4Ratio0.32025-01-29/21-09-16/checkpoints/
    tensorboard: ./outputs/Ksample4Ratio0.32025-01-29/21-09-16/tensorboard/
data_train:
  mimic_cxr:
    name: mimic_cxr
    data_type: imagetext
    data_path: datasets/mimic_cxr/mimic_aug_train.csv
    image_size: 224
    text_max_length: 150
    data_frac: 1.0
data_valid:
  mimic_cxr:
    name: mimic_cxr
    data_type: imagetext
    data_path: datasets/mimic_cxr/mimic_aug_valid.csv
    image_size: 224
    text_max_length: 150
data_test:
  mimic_cxr:
    name: mimic_cxr
    data_type: imagetext_eval
    data_path: datasets/mimic_cxr/mimic_test.csv
dataloader:
  train:
    pin_memory: true
    shuffle: true
    drop_last: true
    num_workers: 16
    prefetch_factor: 8
    batch_size: 128
  valid:
    pin_memory: true
    shuffle: false
    drop_last: false
    num_workers: 4
    prefetch_factor: 8
    batch_size: 32
  test:
    pin_memory: true
    shuffle: false
    drop_last: false
    num_workers: 4
    batch_size: 32
tokenizer:
  source: huggingface
  pretrained_model_name_or_path: emilyalsentzer/Bio_ClinicalBERT
  cache_dir: huggingface/tokenizers
transform:
  train:
    RandomResizedCrop:
      size: 224
      scale:
      - 0.8
      - 1.1
    CLAHE:
      clip_limit: 4.0
    ColorJitter:
      brightness: 0.1
      contrast: 0.2
      saturation: 0.2
      hue: 0.1
    CenterCrop:
      size: 224
  valid:
    Resize:
      size: 224
    CenterCrop:
      size: 224
  test:
    Resize:
      size: 224
    CenterCrop:
      size: 224
model:
  name: clip_custom
  temperature: 0.07
  image_encoder:
    source: huggingface
    name: microsoft/swin-tiny-patch4-window7-224
    pretrained: true
    model_type: swin
    cache_dir: huggingface/
  text_encoder:
    source: huggingface
    name: emilyalsentzer/Bio_ClinicalBERT
    pretrained: true
    gradient_checkpointing: false
    pooling: bos
    cache_dir: huggingface/
    trust_remote_code: true
    mlm_head: true
  k_sample: 4
  mask_ratio: 0.3
  projection_head:
    name: linear
    dropout: 0
    proj_dim: 512
optimizer:
  name: adamw
  config:
    lr: 5.0e-05
    weight_decay: 1.0e-05
scheduler:
  name: constant
  config:
    total_epochs: 80
    warmup_epochs: 0.1
loss:
  cxr_clip:
    label_smoothing: 0.0
    i2i_weight: 1.0
    t2t_weight: 0.5
    loss_ratio: 1.0

[2025-01-29 21:09:17,018][cxrclip.util.utils][INFO] - Global seed set to 1234
[2025-01-29 21:09:17,041][__main__][INFO] - ---------------------------------mask_ratio=0.3k_sample=4--------------------------------------------
[2025-01-29 21:09:17,046][__main__][INFO] - ---------------------------------mask_ratio=0.3k_sample=4--------------------------------------------
[2025-01-29 21:09:17,050][cxrclip.util.utils][INFO] - Global seed set to 1234
[2025-01-29 21:09:17,052][__main__][INFO] - ---------------------------------mask_ratio=0.3k_sample=4--------------------------------------------
[2025-01-29 21:09:17,055][cxrclip.util.utils][INFO] - Global seed set to 1234
[2025-01-29 21:09:17,060][cxrclip.util.utils][INFO] - Global seed set to 1234
[2025-01-29 21:09:17,252][torch.distributed.distributed_c10d][INFO] - Added key: store_based_barrier_key:1 to store for rank: 0
[2025-01-29 21:09:17,265][torch.distributed.distributed_c10d][INFO] - Added key: store_based_barrier_key:1 to store for rank: 1
[2025-01-29 21:09:17,267][torch.distributed.distributed_c10d][INFO] - Added key: store_based_barrier_key:1 to store for rank: 3
[2025-01-29 21:09:17,268][torch.distributed.distributed_c10d][INFO] - Added key: store_based_barrier_key:1 to store for rank: 2
[2025-01-29 21:09:17,268][torch.distributed.distributed_c10d][INFO] - Rank 2: Completed store-based barrier for key:store_based_barrier_key:1 with 4 nodes.
[2025-01-29 21:09:17,273][torch.distributed.distributed_c10d][INFO] - Rank 0: Completed store-based barrier for key:store_based_barrier_key:1 with 4 nodes.
[2025-01-29 21:09:17,276][torch.distributed.distributed_c10d][INFO] - Rank 1: Completed store-based barrier for key:store_based_barrier_key:1 with 4 nodes.
[2025-01-29 21:09:17,277][torch.distributed.distributed_c10d][INFO] - Rank 3: Completed store-based barrier for key:store_based_barrier_key:1 with 4 nodes.
[2025-01-29 21:09:17,359][cxrclip.trainer][INFO] - DistEnv: DistEnv(world_size=4, world_rank=3, local_rank=3, num_gpus=1, master=False, summary_writer=<cxrclip.util.global_env.SummaryWriter object at 0x7f507bc736d0>)
[2025-01-29 21:09:17,359][cxrclip.trainer][INFO] - cuda:3: Load datasets
[2025-01-29 21:09:17,369][cxrclip.trainer][INFO] - DistEnv: DistEnv(world_size=4, world_rank=2, local_rank=2, num_gpus=1, master=False, summary_writer=<cxrclip.util.global_env.SummaryWriter object at 0x7ff5e8ff1610>)
[2025-01-29 21:09:17,369][cxrclip.trainer][INFO] - cuda:2: Load datasets
[2025-01-29 21:09:17,379][cxrclip.trainer][INFO] - DistEnv: DistEnv(world_size=4, world_rank=0, local_rank=0, num_gpus=1, master=True, summary_writer=<cxrclip.util.global_env.SummaryWriter object at 0x7f2aab18b940>)
[2025-01-29 21:09:17,379][cxrclip.trainer][INFO] - cuda:0: Load datasets
[2025-01-29 21:09:17,383][cxrclip.trainer][INFO] - DistEnv: DistEnv(world_size=4, world_rank=1, local_rank=1, num_gpus=1, master=False, summary_writer=<cxrclip.util.global_env.SummaryWriter object at 0x7f28b2acc5e0>)
[2025-01-29 21:09:17,383][cxrclip.trainer][INFO] - cuda:1: Load datasets
[2025-01-29 21:09:19,253][cxrclip.data.datamodule][INFO] - Dataset loaded: mimic_cxr for train
[2025-01-29 21:09:19,255][cxrclip.data.datamodule][INFO] - Dataset loaded: mimic_cxr for train
[2025-01-29 21:09:19,264][cxrclip.data.datamodule][INFO] - Dataset loaded: mimic_cxr for valid
[2025-01-29 21:09:19,266][cxrclip.data.datamodule][INFO] - Dataset loaded: mimic_cxr for valid
[2025-01-29 21:09:19,270][cxrclip.data.datamodule][INFO] - Dataset loaded: mimic_cxr for test
[2025-01-29 21:09:19,270][cxrclip.trainer][INFO] - cuda:3: Build the model
[2025-01-29 21:09:19,272][cxrclip.data.datamodule][INFO] - Dataset loaded: mimic_cxr for test
[2025-01-29 21:09:19,272][cxrclip.trainer][INFO] - cuda:0: Build the model
[2025-01-29 21:09:19,286][cxrclip.data.datamodule][INFO] - Dataset loaded: mimic_cxr for train
[2025-01-29 21:09:19,296][cxrclip.data.datamodule][INFO] - Dataset loaded: mimic_cxr for valid
[2025-01-29 21:09:19,302][cxrclip.data.datamodule][INFO] - Dataset loaded: mimic_cxr for test
[2025-01-29 21:09:19,302][cxrclip.trainer][INFO] - cuda:2: Build the model
[2025-01-29 21:09:19,325][cxrclip.data.datamodule][INFO] - Dataset loaded: mimic_cxr for train
[2025-01-29 21:09:19,335][cxrclip.data.datamodule][INFO] - Dataset loaded: mimic_cxr for valid
[2025-01-29 21:09:19,341][cxrclip.data.datamodule][INFO] - Dataset loaded: mimic_cxr for test
[2025-01-29 21:09:19,342][cxrclip.trainer][INFO] - cuda:1: Build the model
[2025-01-29 21:09:21,913][cxrclip.trainer][INFO] - cuda:3: Build the loss function
[2025-01-29 21:09:21,914][cxrclip.trainer][INFO] - cuda:3: Build the optimizer
[2025-01-29 21:09:21,915][cxrclip.trainer][INFO] - cuda:3: Build the LR scheulder
[2025-01-29 21:09:21,916][cxrclip.trainer][INFO] - cuda:3: Train the model
[2025-01-29 21:09:21,916][cxrclip.trainer][INFO] - cuda:1: Build the loss function
[2025-01-29 21:09:21,917][cxrclip.trainer][INFO] - cuda:1: Build the optimizer
[2025-01-29 21:09:21,916][cxrclip.trainer][INFO] - cuda:0: Build the loss function
[2025-01-29 21:09:21,917][cxrclip.trainer][INFO] - cuda:0: Build the optimizer
[2025-01-29 21:09:21,918][cxrclip.trainer][INFO] - cuda:1: Build the LR scheulder
[2025-01-29 21:09:21,918][cxrclip.trainer][INFO] - cuda:0: Build the LR scheulder
[2025-01-29 21:09:21,918][cxrclip.trainer][INFO] - cuda:1: Train the model
[2025-01-29 21:09:21,919][cxrclip.trainer][INFO] - cuda:0: Train the model
[2025-01-29 21:09:21,922][cxrclip.trainer][INFO] - cuda:2: Build the loss function
[2025-01-29 21:09:21,923][cxrclip.trainer][INFO] - cuda:2: Build the optimizer
[2025-01-29 21:09:21,925][cxrclip.trainer][INFO] - cuda:2: Build the LR scheulder
[2025-01-29 21:09:21,926][cxrclip.trainer][INFO] - cuda:2: Train the model
[2025-01-29 21:09:26,836][cxrclip.trainer][INFO] - -------------------Epoch 0 ------------------------
[2025-01-29 21:09:26,837][cxrclip.trainer][INFO] - {'Recall@1': 0.1, 'Recall@5': 0.4, 'Recall@10': 1.0, 'MeanRank': 508.097, 'sum': 1.5}
[2025-01-29 21:09:26,837][cxrclip.trainer][INFO] - {'Recall@1': 0.2, 'Recall@5': 0.6, 'Recall@10': 0.8, 'MeanRank': 499.888, 'sum': 1.6}
[2025-01-29 21:09:26,837][cxrclip.trainer][INFO] - ('{Patience', 0, " SUMMARY= 3.1 Best Pair{'i2t': {'Recall@1': 0.1, 'Recall@5': 0.4, 'Recall@10': 1.0, 'MeanRank': 508.097, 'sum': 1.5}, 't2i': {'Recall@1': 0.2, 'Recall@5': 0.6, 'Recall@10': 0.8, 'MeanRank': 499.888, 'sum': 1.6}}")
[2025-01-29 21:21:42,215][cxrclip.trainer][INFO] - Epoch 0, last-model saved
[2025-01-29 21:21:44,593][cxrclip.trainer][INFO] - ./outputs/Ksample4Ratio0.32025-01-29/21-09-16/checkpoints/model-best.tar saved
[2025-01-29 21:21:47,771][cxrclip.trainer][INFO] - -------------------Epoch 1 ------------------------
[2025-01-29 21:21:47,771][cxrclip.trainer][INFO] - {'Recall@1': 15.2, 'Recall@5': 38.2, 'Recall@10': 50.1, 'MeanRank': 39.647, 'sum': 103.5}
[2025-01-29 21:21:47,771][cxrclip.trainer][INFO] - {'Recall@1': 14.0, 'Recall@5': 36.7, 'Recall@10': 49.1, 'MeanRank': 41.349, 'sum': 99.80000000000001}
[2025-01-29 21:21:47,771][cxrclip.trainer][INFO] - ('{Patience', 0, " SUMMARY= 203.3 Best Pair{'i2t': {'Recall@1': 15.2, 'Recall@5': 38.2, 'Recall@10': 50.1, 'MeanRank': 39.647, 'sum': 103.5}, 't2i': {'Recall@1': 14.0, 'Recall@5': 36.7, 'Recall@10': 49.1, 'MeanRank': 41.349, 'sum': 99.80000000000001}}")
[2025-01-29 21:33:50,074][cxrclip.trainer][INFO] - Epoch 1, last-model saved
[2025-01-29 21:33:53,369][cxrclip.trainer][INFO] - ./outputs/Ksample4Ratio0.32025-01-29/21-09-16/checkpoints/model-best.tar saved
[2025-01-29 21:33:56,958][cxrclip.trainer][INFO] - -------------------Epoch 2 ------------------------
[2025-01-29 21:33:56,958][cxrclip.trainer][INFO] - {'Recall@1': 23.1, 'Recall@5': 47.9, 'Recall@10': 59.2, 'MeanRank': 31.919, 'sum': 130.2}
[2025-01-29 21:33:56,958][cxrclip.trainer][INFO] - {'Recall@1': 21.7, 'Recall@5': 45.5, 'Recall@10': 57.5, 'MeanRank': 34.301, 'sum': 124.7}
[2025-01-29 21:33:56,958][cxrclip.trainer][INFO] - ('{Patience', 0, " SUMMARY= 254.89999999999998 Best Pair{'i2t': {'Recall@1': 23.1, 'Recall@5': 47.9, 'Recall@10': 59.2, 'MeanRank': 31.919, 'sum': 130.2}, 't2i': {'Recall@1': 21.7, 'Recall@5': 45.5, 'Recall@10': 57.5, 'MeanRank': 34.301, 'sum': 124.7}}")
[2025-01-29 21:45:50,920][cxrclip.trainer][INFO] - Epoch 2, last-model saved
[2025-01-29 21:45:54,188][cxrclip.trainer][INFO] - ./outputs/Ksample4Ratio0.32025-01-29/21-09-16/checkpoints/model-best.tar saved
[2025-01-29 21:45:57,728][cxrclip.trainer][INFO] - -------------------Epoch 3 ------------------------
[2025-01-29 21:45:57,729][cxrclip.trainer][INFO] - {'Recall@1': 24.6, 'Recall@5': 49.9, 'Recall@10': 60.4, 'MeanRank': 26.931, 'sum': 134.9}
[2025-01-29 21:45:57,729][cxrclip.trainer][INFO] - {'Recall@1': 25.9, 'Recall@5': 48.1, 'Recall@10': 60.5, 'MeanRank': 30.665, 'sum': 134.5}
[2025-01-29 21:45:57,729][cxrclip.trainer][INFO] - ('{Patience', 0, " SUMMARY= 269.4 Best Pair{'i2t': {'Recall@1': 24.6, 'Recall@5': 49.9, 'Recall@10': 60.4, 'MeanRank': 26.931, 'sum': 134.9}, 't2i': {'Recall@1': 25.9, 'Recall@5': 48.1, 'Recall@10': 60.5, 'MeanRank': 30.665, 'sum': 134.5}}")
[2025-01-29 21:57:53,926][cxrclip.trainer][INFO] - Epoch 3, last-model saved
[2025-01-29 21:57:57,263][cxrclip.trainer][INFO] - ./outputs/Ksample4Ratio0.32025-01-29/21-09-16/checkpoints/model-best.tar saved
[2025-01-29 21:58:00,722][cxrclip.trainer][INFO] - -------------------Epoch 4 ------------------------
[2025-01-29 21:58:00,722][cxrclip.trainer][INFO] - {'Recall@1': 29.2, 'Recall@5': 53.6, 'Recall@10': 64.3, 'MeanRank': 26.096, 'sum': 147.1}
[2025-01-29 21:58:00,722][cxrclip.trainer][INFO] - {'Recall@1': 28.9, 'Recall@5': 52.5, 'Recall@10': 64.0, 'MeanRank': 29.055, 'sum': 145.4}
[2025-01-29 21:58:00,723][cxrclip.trainer][INFO] - ('{Patience', 0, " SUMMARY= 292.5 Best Pair{'i2t': {'Recall@1': 29.2, 'Recall@5': 53.6, 'Recall@10': 64.3, 'MeanRank': 26.096, 'sum': 147.1}, 't2i': {'Recall@1': 28.9, 'Recall@5': 52.5, 'Recall@10': 64.0, 'MeanRank': 29.055, 'sum': 145.4}}")
[2025-01-29 22:10:08,126][cxrclip.trainer][INFO] - Epoch 4, last-model saved
[2025-01-29 22:10:11,870][cxrclip.trainer][INFO] - ./outputs/Ksample4Ratio0.32025-01-29/21-09-16/checkpoints/model-best.tar saved
[2025-01-29 22:10:15,441][cxrclip.trainer][INFO] - -------------------Epoch 5 ------------------------
[2025-01-29 22:10:15,442][cxrclip.trainer][INFO] - {'Recall@1': 30.6, 'Recall@5': 56.8, 'Recall@10': 65.4, 'MeanRank': 22.551, 'sum': 152.8}
[2025-01-29 22:10:15,442][cxrclip.trainer][INFO] - {'Recall@1': 31.1, 'Recall@5': 55.9, 'Recall@10': 66.2, 'MeanRank': 26.987, 'sum': 153.2}
[2025-01-29 22:10:15,442][cxrclip.trainer][INFO] - ('{Patience', 0, " SUMMARY= 306.0 Best Pair{'i2t': {'Recall@1': 30.6, 'Recall@5': 56.8, 'Recall@10': 65.4, 'MeanRank': 22.551, 'sum': 152.8}, 't2i': {'Recall@1': 31.1, 'Recall@5': 55.9, 'Recall@10': 66.2, 'MeanRank': 26.987, 'sum': 153.2}}")
[2025-01-29 22:22:15,649][cxrclip.trainer][INFO] - -------------------Epoch 6 ------------------------
[2025-01-29 22:22:15,649][cxrclip.trainer][INFO] - {'Recall@1': 33.8, 'Recall@5': 57.2, 'Recall@10': 67.9, 'MeanRank': 22.114, 'sum': 158.9}
[2025-01-29 22:22:15,649][cxrclip.trainer][INFO] - {'Recall@1': 31.0, 'Recall@5': 56.7, 'Recall@10': 66.6, 'MeanRank': 25.099, 'sum': 154.3}
[2025-01-29 22:22:15,649][cxrclip.trainer][INFO] - ('{Patience', 0, " SUMMARY= 313.20000000000005 Best Pair{'i2t': {'Recall@1': 33.8, 'Recall@5': 57.2, 'Recall@10': 67.9, 'MeanRank': 22.114, 'sum': 158.9}, 't2i': {'Recall@1': 31.0, 'Recall@5': 56.7, 'Recall@10': 66.6, 'MeanRank': 25.099, 'sum': 154.3}}")
[2025-01-29 22:34:23,510][cxrclip.trainer][INFO] - Epoch 6, last-model saved
[2025-01-29 22:34:27,086][cxrclip.trainer][INFO] - ./outputs/Ksample4Ratio0.32025-01-29/21-09-16/checkpoints/model-best.tar saved
[2025-01-29 22:34:30,383][cxrclip.trainer][INFO] - -------------------Epoch 7 ------------------------
[2025-01-29 22:34:30,384][cxrclip.trainer][INFO] - {'Recall@1': 33.2, 'Recall@5': 57.9, 'Recall@10': 69.0, 'MeanRank': 21.107, 'sum': 160.1}
[2025-01-29 22:34:30,384][cxrclip.trainer][INFO] - {'Recall@1': 33.6, 'Recall@5': 58.0, 'Recall@10': 67.9, 'MeanRank': 24.77, 'sum': 159.5}
[2025-01-29 22:34:30,384][cxrclip.trainer][INFO] - ('{Patience', 0, " SUMMARY= 319.6 Best Pair{'i2t': {'Recall@1': 33.2, 'Recall@5': 57.9, 'Recall@10': 69.0, 'MeanRank': 21.107, 'sum': 160.1}, 't2i': {'Recall@1': 33.6, 'Recall@5': 58.0, 'Recall@10': 67.9, 'MeanRank': 24.77, 'sum': 159.5}}")
[2025-01-29 22:46:33,841][cxrclip.trainer][INFO] - Epoch 7, last-model saved
[2025-01-29 22:46:36,968][cxrclip.trainer][INFO] - ./outputs/Ksample4Ratio0.32025-01-29/21-09-16/checkpoints/model-best.tar saved
[2025-01-29 22:46:40,284][cxrclip.trainer][INFO] - -------------------Epoch 8 ------------------------
[2025-01-29 22:46:40,285][cxrclip.trainer][INFO] - {'Recall@1': 35.2, 'Recall@5': 60.9, 'Recall@10': 67.4, 'MeanRank': 19.961, 'sum': 163.5}
[2025-01-29 22:46:40,285][cxrclip.trainer][INFO] - {'Recall@1': 33.9, 'Recall@5': 59.3, 'Recall@10': 69.2, 'MeanRank': 22.784, 'sum': 162.39999999999998}
[2025-01-29 22:46:40,285][cxrclip.trainer][INFO] - ('{Patience', 0, " SUMMARY= 325.9 Best Pair{'i2t': {'Recall@1': 35.2, 'Recall@5': 60.9, 'Recall@10': 67.4, 'MeanRank': 19.961, 'sum': 163.5}, 't2i': {'Recall@1': 33.9, 'Recall@5': 59.3, 'Recall@10': 69.2, 'MeanRank': 22.784, 'sum': 162.39999999999998}}")
[2025-01-29 22:58:41,564][cxrclip.trainer][INFO] - -------------------Epoch 9 ------------------------
[2025-01-29 22:58:41,564][cxrclip.trainer][INFO] - {'Recall@1': 36.0, 'Recall@5': 59.3, 'Recall@10': 68.8, 'MeanRank': 19.646, 'sum': 164.1}
[2025-01-29 22:58:41,564][cxrclip.trainer][INFO] - {'Recall@1': 37.0, 'Recall@5': 59.1, 'Recall@10': 70.3, 'MeanRank': 22.735, 'sum': 166.39999999999998}
[2025-01-29 22:58:41,564][cxrclip.trainer][INFO] - ('{Patience', 0, " SUMMARY= 330.5 Best Pair{'i2t': {'Recall@1': 36.0, 'Recall@5': 59.3, 'Recall@10': 68.8, 'MeanRank': 19.646, 'sum': 164.1}, 't2i': {'Recall@1': 37.0, 'Recall@5': 59.1, 'Recall@10': 70.3, 'MeanRank': 22.735, 'sum': 166.39999999999998}}")
[2025-01-29 23:10:48,016][cxrclip.trainer][INFO] - Epoch 9, last-model saved
[2025-01-29 23:10:51,303][cxrclip.trainer][INFO] - ./outputs/Ksample4Ratio0.32025-01-29/21-09-16/checkpoints/model-best.tar saved
[2025-01-29 23:10:54,674][cxrclip.trainer][INFO] - -------------------Epoch 10 ------------------------
[2025-01-29 23:10:54,674][cxrclip.trainer][INFO] - {'Recall@1': 35.6, 'Recall@5': 61.1, 'Recall@10': 70.0, 'MeanRank': 20.881, 'sum': 166.7}
[2025-01-29 23:10:54,674][cxrclip.trainer][INFO] - {'Recall@1': 36.9, 'Recall@5': 60.4, 'Recall@10': 69.9, 'MeanRank': 24.331, 'sum': 167.2}
[2025-01-29 23:10:54,674][cxrclip.trainer][INFO] - ('{Patience', 0, " SUMMARY= 333.9 Best Pair{'i2t': {'Recall@1': 35.6, 'Recall@5': 61.1, 'Recall@10': 70.0, 'MeanRank': 20.881, 'sum': 166.7}, 't2i': {'Recall@1': 36.9, 'Recall@5': 60.4, 'Recall@10': 69.9, 'MeanRank': 24.331, 'sum': 167.2}}")
[2025-01-29 23:23:01,188][cxrclip.trainer][INFO] - -------------------Epoch 11 ------------------------
[2025-01-29 23:23:01,188][cxrclip.trainer][INFO] - {'Recall@1': 35.9, 'Recall@5': 60.2, 'Recall@10': 70.3, 'MeanRank': 18.384, 'sum': 166.39999999999998}
[2025-01-29 23:23:01,188][cxrclip.trainer][INFO] - {'Recall@1': 37.6, 'Recall@5': 61.5, 'Recall@10': 70.5, 'MeanRank': 22.504, 'sum': 169.6}
[2025-01-29 23:23:01,188][cxrclip.trainer][INFO] - ('{Patience', 0, " SUMMARY= 336.0 Best Pair{'i2t': {'Recall@1': 35.9, 'Recall@5': 60.2, 'Recall@10': 70.3, 'MeanRank': 18.384, 'sum': 166.39999999999998}, 't2i': {'Recall@1': 37.6, 'Recall@5': 61.5, 'Recall@10': 70.5, 'MeanRank': 22.504, 'sum': 169.6}}")
[2025-01-29 23:35:06,821][cxrclip.trainer][INFO] - -------------------Epoch 12 ------------------------
[2025-01-29 23:35:06,821][cxrclip.trainer][INFO] - {'Recall@1': 36.6, 'Recall@5': 60.9, 'Recall@10': 71.1, 'MeanRank': 18.482, 'sum': 168.6}
[2025-01-29 23:35:06,821][cxrclip.trainer][INFO] - {'Recall@1': 36.1, 'Recall@5': 60.7, 'Recall@10': 70.7, 'MeanRank': 21.805, 'sum': 167.5}
[2025-01-29 23:35:06,821][cxrclip.trainer][INFO] - ('{Patience', 0, " SUMMARY= 336.1 Best Pair{'i2t': {'Recall@1': 36.6, 'Recall@5': 60.9, 'Recall@10': 71.1, 'MeanRank': 18.482, 'sum': 168.6}, 't2i': {'Recall@1': 36.1, 'Recall@5': 60.7, 'Recall@10': 70.7, 'MeanRank': 21.805, 'sum': 167.5}}")
[2025-01-29 23:47:17,744][cxrclip.trainer][INFO] - Epoch 12, last-model saved
[2025-01-29 23:47:21,913][cxrclip.trainer][INFO] - ./outputs/Ksample4Ratio0.32025-01-29/21-09-16/checkpoints/model-best.tar saved
[2025-01-29 23:47:25,406][cxrclip.trainer][INFO] - -------------------Epoch 13 ------------------------
[2025-01-29 23:47:25,407][cxrclip.trainer][INFO] - {'Recall@1': 37.6, 'Recall@5': 60.4, 'Recall@10': 70.9, 'MeanRank': 19.239, 'sum': 168.9}
[2025-01-29 23:47:25,407][cxrclip.trainer][INFO] - {'Recall@1': 38.1, 'Recall@5': 61.0, 'Recall@10': 70.4, 'MeanRank': 22.77, 'sum': 169.5}
[2025-01-29 23:47:25,407][cxrclip.trainer][INFO] - ('{Patience', 0, " SUMMARY= 338.4 Best Pair{'i2t': {'Recall@1': 37.6, 'Recall@5': 60.4, 'Recall@10': 70.9, 'MeanRank': 19.239, 'sum': 168.9}, 't2i': {'Recall@1': 38.1, 'Recall@5': 61.0, 'Recall@10': 70.4, 'MeanRank': 22.77, 'sum': 169.5}}")
[2025-01-30 00:00:30,113][cxrclip.trainer][INFO] - Epoch 13, last-model saved
[2025-01-30 00:00:34,501][cxrclip.trainer][INFO] - ./outputs/Ksample4Ratio0.32025-01-29/21-09-16/checkpoints/model-best.tar saved
[2025-01-30 00:00:38,427][cxrclip.trainer][INFO] - -------------------Epoch 14 ------------------------
[2025-01-30 00:00:38,428][cxrclip.trainer][INFO] - {'Recall@1': 36.8, 'Recall@5': 61.0, 'Recall@10': 71.5, 'MeanRank': 18.568, 'sum': 169.3}
[2025-01-30 00:00:38,428][cxrclip.trainer][INFO] - {'Recall@1': 37.1, 'Recall@5': 62.3, 'Recall@10': 70.7, 'MeanRank': 21.747, 'sum': 170.10000000000002}
[2025-01-30 00:00:38,428][cxrclip.trainer][INFO] - ('{Patience', 0, " SUMMARY= 339.40000000000003 Best Pair{'i2t': {'Recall@1': 36.8, 'Recall@5': 61.0, 'Recall@10': 71.5, 'MeanRank': 18.568, 'sum': 169.3}, 't2i': {'Recall@1': 37.1, 'Recall@5': 62.3, 'Recall@10': 70.7, 'MeanRank': 21.747, 'sum': 170.10000000000002}}")
[2025-01-30 00:13:44,077][cxrclip.trainer][INFO] - -------------------Epoch 15 ------------------------
[2025-01-30 00:13:44,077][cxrclip.trainer][INFO] - {'Recall@1': 38.9, 'Recall@5': 62.5, 'Recall@10': 71.8, 'MeanRank': 18.685, 'sum': 173.2}
[2025-01-30 00:13:44,077][cxrclip.trainer][INFO] - {'Recall@1': 38.4, 'Recall@5': 62.1, 'Recall@10': 71.1, 'MeanRank': 22.738, 'sum': 171.6}
[2025-01-30 00:13:44,077][cxrclip.trainer][INFO] - ('{Patience', 0, " SUMMARY= 344.79999999999995 Best Pair{'i2t': {'Recall@1': 38.9, 'Recall@5': 62.5, 'Recall@10': 71.8, 'MeanRank': 18.685, 'sum': 173.2}, 't2i': {'Recall@1': 38.4, 'Recall@5': 62.1, 'Recall@10': 71.1, 'MeanRank': 22.738, 'sum': 171.6}}")
[2025-01-30 00:26:55,019][cxrclip.trainer][INFO] - -------------------Epoch 16 ------------------------
[2025-01-30 00:26:55,019][cxrclip.trainer][INFO] - {'Recall@1': 38.8, 'Recall@5': 60.8, 'Recall@10': 70.5, 'MeanRank': 18.114, 'sum': 170.1}
[2025-01-30 00:26:55,019][cxrclip.trainer][INFO] - {'Recall@1': 38.4, 'Recall@5': 60.8, 'Recall@10': 69.8, 'MeanRank': 22.091, 'sum': 169.0}
[2025-01-30 00:26:55,019][cxrclip.trainer][INFO] - ('{Patience', 1, " SUMMARY= 344.79999999999995 Best Pair{'i2t': {'Recall@1': 38.9, 'Recall@5': 62.5, 'Recall@10': 71.8, 'MeanRank': 18.685, 'sum': 173.2}, 't2i': {'Recall@1': 38.4, 'Recall@5': 62.1, 'Recall@10': 71.1, 'MeanRank': 22.738, 'sum': 171.6}}")
[2025-01-30 00:40:01,830][cxrclip.trainer][INFO] - -------------------Epoch 17 ------------------------
[2025-01-30 00:40:01,830][cxrclip.trainer][INFO] - {'Recall@1': 37.7, 'Recall@5': 62.3, 'Recall@10': 72.0, 'MeanRank': 18.086, 'sum': 172.0}
[2025-01-30 00:40:01,830][cxrclip.trainer][INFO] - {'Recall@1': 39.3, 'Recall@5': 63.1, 'Recall@10': 72.4, 'MeanRank': 21.046, 'sum': 174.8}
[2025-01-30 00:40:01,831][cxrclip.trainer][INFO] - ('{Patience', 0, " SUMMARY= 346.8 Best Pair{'i2t': {'Recall@1': 37.7, 'Recall@5': 62.3, 'Recall@10': 72.0, 'MeanRank': 18.086, 'sum': 172.0}, 't2i': {'Recall@1': 39.3, 'Recall@5': 63.1, 'Recall@10': 72.4, 'MeanRank': 21.046, 'sum': 174.8}}")
[2025-01-30 00:53:34,680][cxrclip.trainer][INFO] - -------------------Epoch 18 ------------------------
[2025-01-30 00:53:34,680][cxrclip.trainer][INFO] - {'Recall@1': 39.0, 'Recall@5': 62.6, 'Recall@10': 71.1, 'MeanRank': 18.068, 'sum': 172.7}
[2025-01-30 00:53:34,680][cxrclip.trainer][INFO] - {'Recall@1': 39.7, 'Recall@5': 63.6, 'Recall@10': 72.2, 'MeanRank': 21.889, 'sum': 175.5}
[2025-01-30 00:53:34,680][cxrclip.trainer][INFO] - ('{Patience', 0, " SUMMARY= 348.2 Best Pair{'i2t': {'Recall@1': 39.0, 'Recall@5': 62.6, 'Recall@10': 71.1, 'MeanRank': 18.068, 'sum': 172.7}, 't2i': {'Recall@1': 39.7, 'Recall@5': 63.6, 'Recall@10': 72.2, 'MeanRank': 21.889, 'sum': 175.5}}")
[2025-01-30 01:07:03,442][cxrclip.trainer][INFO] - -------------------Epoch 19 ------------------------
[2025-01-30 01:07:03,443][cxrclip.trainer][INFO] - {'Recall@1': 39.4, 'Recall@5': 63.6, 'Recall@10': 71.5, 'MeanRank': 19.149, 'sum': 174.5}
[2025-01-30 01:07:03,443][cxrclip.trainer][INFO] - {'Recall@1': 39.7, 'Recall@5': 63.3, 'Recall@10': 71.7, 'MeanRank': 23.639, 'sum': 174.7}
[2025-01-30 01:07:03,443][cxrclip.trainer][INFO] - ('{Patience', 0, " SUMMARY= 349.2 Best Pair{'i2t': {'Recall@1': 39.4, 'Recall@5': 63.6, 'Recall@10': 71.5, 'MeanRank': 19.149, 'sum': 174.5}, 't2i': {'Recall@1': 39.7, 'Recall@5': 63.3, 'Recall@10': 71.7, 'MeanRank': 23.639, 'sum': 174.7}}")
[2025-01-30 01:20:28,547][cxrclip.trainer][INFO] - -------------------Epoch 20 ------------------------
[2025-01-30 01:20:28,547][cxrclip.trainer][INFO] - {'Recall@1': 38.9, 'Recall@5': 60.9, 'Recall@10': 71.5, 'MeanRank': 19.062, 'sum': 171.3}
[2025-01-30 01:20:28,547][cxrclip.trainer][INFO] - {'Recall@1': 39.6, 'Recall@5': 61.9, 'Recall@10': 70.6, 'MeanRank': 22.412, 'sum': 172.1}
[2025-01-30 01:20:28,547][cxrclip.trainer][INFO] - ('{Patience', 1, " SUMMARY= 349.2 Best Pair{'i2t': {'Recall@1': 39.4, 'Recall@5': 63.6, 'Recall@10': 71.5, 'MeanRank': 19.149, 'sum': 174.5}, 't2i': {'Recall@1': 39.7, 'Recall@5': 63.3, 'Recall@10': 71.7, 'MeanRank': 23.639, 'sum': 174.7}}")
[2025-01-30 01:33:55,870][cxrclip.trainer][INFO] - -------------------Epoch 21 ------------------------
[2025-01-30 01:33:55,871][cxrclip.trainer][INFO] - {'Recall@1': 37.2, 'Recall@5': 61.8, 'Recall@10': 70.9, 'MeanRank': 19.563, 'sum': 169.9}
[2025-01-30 01:33:55,871][cxrclip.trainer][INFO] - {'Recall@1': 38.3, 'Recall@5': 62.4, 'Recall@10': 70.9, 'MeanRank': 23.147, 'sum': 171.6}
[2025-01-30 01:33:55,871][cxrclip.trainer][INFO] - ('{Patience', 2, " SUMMARY= 349.2 Best Pair{'i2t': {'Recall@1': 39.4, 'Recall@5': 63.6, 'Recall@10': 71.5, 'MeanRank': 19.149, 'sum': 174.5}, 't2i': {'Recall@1': 39.7, 'Recall@5': 63.3, 'Recall@10': 71.7, 'MeanRank': 23.639, 'sum': 174.7}}")
[2025-01-30 01:47:23,337][cxrclip.trainer][INFO] - -------------------Epoch 22 ------------------------
[2025-01-30 01:47:23,337][cxrclip.trainer][INFO] - {'Recall@1': 37.4, 'Recall@5': 61.7, 'Recall@10': 70.8, 'MeanRank': 19.991, 'sum': 169.89999999999998}
[2025-01-30 01:47:23,337][cxrclip.trainer][INFO] - {'Recall@1': 39.6, 'Recall@5': 62.9, 'Recall@10': 72.3, 'MeanRank': 23.036, 'sum': 174.8}
[2025-01-30 01:47:23,337][cxrclip.trainer][INFO] - ('{Patience', 3, " SUMMARY= 349.2 Best Pair{'i2t': {'Recall@1': 39.4, 'Recall@5': 63.6, 'Recall@10': 71.5, 'MeanRank': 19.149, 'sum': 174.5}, 't2i': {'Recall@1': 39.7, 'Recall@5': 63.3, 'Recall@10': 71.7, 'MeanRank': 23.639, 'sum': 174.7}}")
[2025-01-30 02:00:48,835][cxrclip.trainer][INFO] - -------------------Epoch 23 ------------------------
[2025-01-30 02:00:48,836][cxrclip.trainer][INFO] - {'Recall@1': 38.0, 'Recall@5': 61.7, 'Recall@10': 71.6, 'MeanRank': 20.429, 'sum': 171.3}
[2025-01-30 02:00:48,836][cxrclip.trainer][INFO] - {'Recall@1': 38.8, 'Recall@5': 61.5, 'Recall@10': 71.3, 'MeanRank': 24.621, 'sum': 171.6}
[2025-01-30 02:00:48,836][cxrclip.trainer][INFO] - ('{Patience', 4, " SUMMARY= 349.2 Best Pair{'i2t': {'Recall@1': 39.4, 'Recall@5': 63.6, 'Recall@10': 71.5, 'MeanRank': 19.149, 'sum': 174.5}, 't2i': {'Recall@1': 39.7, 'Recall@5': 63.3, 'Recall@10': 71.7, 'MeanRank': 23.639, 'sum': 174.7}}")
[2025-01-30 02:14:12,419][cxrclip.trainer][INFO] - -------------------Epoch 24 ------------------------
[2025-01-30 02:14:12,419][cxrclip.trainer][INFO] - {'Recall@1': 37.8, 'Recall@5': 63.2, 'Recall@10': 72.4, 'MeanRank': 19.444, 'sum': 173.4}
[2025-01-30 02:14:12,419][cxrclip.trainer][INFO] - {'Recall@1': 39.3, 'Recall@5': 64.1, 'Recall@10': 72.1, 'MeanRank': 23.681, 'sum': 175.5}
[2025-01-30 02:14:12,419][cxrclip.trainer][INFO] - ('{Patience', 5, " SUMMARY= 349.2 Best Pair{'i2t': {'Recall@1': 39.4, 'Recall@5': 63.6, 'Recall@10': 71.5, 'MeanRank': 19.149, 'sum': 174.5}, 't2i': {'Recall@1': 39.7, 'Recall@5': 63.3, 'Recall@10': 71.7, 'MeanRank': 23.639, 'sum': 174.7}}")
[2025-01-30 02:27:45,370][cxrclip.trainer][INFO] - -------------------Epoch 25 ------------------------
[2025-01-30 02:27:45,370][cxrclip.trainer][INFO] - {'Recall@1': 38.0, 'Recall@5': 62.2, 'Recall@10': 69.9, 'MeanRank': 22.072, 'sum': 170.10000000000002}
[2025-01-30 02:27:45,370][cxrclip.trainer][INFO] - {'Recall@1': 37.9, 'Recall@5': 61.7, 'Recall@10': 71.1, 'MeanRank': 25.157, 'sum': 170.7}
[2025-01-30 02:27:45,370][cxrclip.trainer][INFO] - ('{Patience', 6, " SUMMARY= 349.2 Best Pair{'i2t': {'Recall@1': 39.4, 'Recall@5': 63.6, 'Recall@10': 71.5, 'MeanRank': 19.149, 'sum': 174.5}, 't2i': {'Recall@1': 39.7, 'Recall@5': 63.3, 'Recall@10': 71.7, 'MeanRank': 23.639, 'sum': 174.7}}")
[2025-01-30 02:41:14,892][cxrclip.trainer][INFO] - -------------------Epoch 26 ------------------------
[2025-01-30 02:41:14,892][cxrclip.trainer][INFO] - {'Recall@1': 38.9, 'Recall@5': 60.8, 'Recall@10': 71.7, 'MeanRank': 21.536, 'sum': 171.39999999999998}
[2025-01-30 02:41:14,893][cxrclip.trainer][INFO] - {'Recall@1': 38.4, 'Recall@5': 61.0, 'Recall@10': 69.7, 'MeanRank': 24.662, 'sum': 169.10000000000002}
[2025-01-30 02:41:14,893][cxrclip.trainer][INFO] - ('{Patience', 7, " SUMMARY= 349.2 Best Pair{'i2t': {'Recall@1': 39.4, 'Recall@5': 63.6, 'Recall@10': 71.5, 'MeanRank': 19.149, 'sum': 174.5}, 't2i': {'Recall@1': 39.7, 'Recall@5': 63.3, 'Recall@10': 71.7, 'MeanRank': 23.639, 'sum': 174.7}}")
[2025-01-30 02:54:37,950][cxrclip.trainer][INFO] - -------------------Epoch 27 ------------------------
[2025-01-30 02:54:37,950][cxrclip.trainer][INFO] - {'Recall@1': 38.1, 'Recall@5': 60.5, 'Recall@10': 69.4, 'MeanRank': 22.314, 'sum': 168.0}
[2025-01-30 02:54:37,951][cxrclip.trainer][INFO] - {'Recall@1': 37.5, 'Recall@5': 61.3, 'Recall@10': 69.8, 'MeanRank': 24.548, 'sum': 168.6}
[2025-01-30 02:54:37,951][cxrclip.trainer][INFO] - ('{Patience', 8, " SUMMARY= 349.2 Best Pair{'i2t': {'Recall@1': 39.4, 'Recall@5': 63.6, 'Recall@10': 71.5, 'MeanRank': 19.149, 'sum': 174.5}, 't2i': {'Recall@1': 39.7, 'Recall@5': 63.3, 'Recall@10': 71.7, 'MeanRank': 23.639, 'sum': 174.7}}")
[2025-01-30 03:08:06,216][cxrclip.trainer][INFO] - -------------------Epoch 28 ------------------------
[2025-01-30 03:08:06,217][cxrclip.trainer][INFO] - {'Recall@1': 37.4, 'Recall@5': 61.1, 'Recall@10': 69.8, 'MeanRank': 21.423, 'sum': 168.3}
[2025-01-30 03:08:06,217][cxrclip.trainer][INFO] - {'Recall@1': 39.3, 'Recall@5': 61.0, 'Recall@10': 70.1, 'MeanRank': 24.98, 'sum': 170.39999999999998}
[2025-01-30 03:08:06,217][cxrclip.trainer][INFO] - ('{Patience', 9, " SUMMARY= 349.2 Best Pair{'i2t': {'Recall@1': 39.4, 'Recall@5': 63.6, 'Recall@10': 71.5, 'MeanRank': 19.149, 'sum': 174.5}, 't2i': {'Recall@1': 39.7, 'Recall@5': 63.3, 'Recall@10': 71.7, 'MeanRank': 23.639, 'sum': 174.7}}")
[2025-01-30 03:21:37,716][cxrclip.trainer][INFO] - -------------------Epoch 29 ------------------------
[2025-01-30 03:21:37,716][cxrclip.trainer][INFO] - {'Recall@1': 38.3, 'Recall@5': 61.9, 'Recall@10': 71.1, 'MeanRank': 22.681, 'sum': 171.29999999999998}
[2025-01-30 03:21:37,716][cxrclip.trainer][INFO] - {'Recall@1': 37.3, 'Recall@5': 62.4, 'Recall@10': 71.1, 'MeanRank': 25.778, 'sum': 170.79999999999998}
[2025-01-30 03:21:37,716][cxrclip.trainer][INFO] - ('{Patience', 10, " SUMMARY= 349.2 Best Pair{'i2t': {'Recall@1': 39.4, 'Recall@5': 63.6, 'Recall@10': 71.5, 'MeanRank': 19.149, 'sum': 174.5}, 't2i': {'Recall@1': 39.7, 'Recall@5': 63.3, 'Recall@10': 71.7, 'MeanRank': 23.639, 'sum': 174.7}}")
[2025-01-30 03:35:06,703][cxrclip.trainer][INFO] - -------------------Epoch 30 ------------------------
[2025-01-30 03:35:06,704][cxrclip.trainer][INFO] - {'Recall@1': 38.6, 'Recall@5': 62.9, 'Recall@10': 69.8, 'MeanRank': 22.506, 'sum': 171.3}
[2025-01-30 03:35:06,704][cxrclip.trainer][INFO] - {'Recall@1': 39.5, 'Recall@5': 62.1, 'Recall@10': 70.3, 'MeanRank': 25.387, 'sum': 171.89999999999998}
[2025-01-30 03:35:06,704][cxrclip.trainer][INFO] - ('{Patience', 11, " SUMMARY= 349.2 Best Pair{'i2t': {'Recall@1': 39.4, 'Recall@5': 63.6, 'Recall@10': 71.5, 'MeanRank': 19.149, 'sum': 174.5}, 't2i': {'Recall@1': 39.7, 'Recall@5': 63.3, 'Recall@10': 71.7, 'MeanRank': 23.639, 'sum': 174.7}}")
[2025-01-30 03:48:29,348][cxrclip.trainer][INFO] - Learning rate decayed by 2x at epoch 31. New LR: 2.5e-05
[2025-01-30 03:48:29,404][cxrclip.trainer][INFO] - Learning rate decayed by 2x at epoch 31. New LR: 2.5e-05
[2025-01-30 03:48:29,438][cxrclip.trainer][INFO] - Learning rate decayed by 2x at epoch 31. New LR: 2.5e-05
[2025-01-30 03:48:32,792][cxrclip.trainer][INFO] - -------------------Epoch 31 ------------------------
[2025-01-30 03:48:32,792][cxrclip.trainer][INFO] - {'Recall@1': 39.1, 'Recall@5': 62.2, 'Recall@10': 70.7, 'MeanRank': 22.132, 'sum': 172.0}
[2025-01-30 03:48:32,792][cxrclip.trainer][INFO] - {'Recall@1': 38.3, 'Recall@5': 62.9, 'Recall@10': 71.4, 'MeanRank': 24.426, 'sum': 172.6}
[2025-01-30 03:48:32,792][cxrclip.trainer][INFO] - ('{Patience', 12, " SUMMARY= 349.2 Best Pair{'i2t': {'Recall@1': 39.4, 'Recall@5': 63.6, 'Recall@10': 71.5, 'MeanRank': 19.149, 'sum': 174.5}, 't2i': {'Recall@1': 39.7, 'Recall@5': 63.3, 'Recall@10': 71.7, 'MeanRank': 23.639, 'sum': 174.7}}")
[2025-01-30 03:48:32,792][cxrclip.trainer][INFO] - Learning rate decayed by 2x at epoch 31. New LR: 2.5e-05
[2025-01-30 04:01:57,712][cxrclip.trainer][INFO] - Learning rate decayed by 2x at epoch 32. New LR: 1.25e-05
[2025-01-30 04:01:57,733][cxrclip.trainer][INFO] - Learning rate decayed by 2x at epoch 32. New LR: 1.25e-05
[2025-01-30 04:01:57,777][cxrclip.trainer][INFO] - Learning rate decayed by 2x at epoch 32. New LR: 1.25e-05
[2025-01-30 04:02:01,059][cxrclip.trainer][INFO] - -------------------Epoch 32 ------------------------
[2025-01-30 04:02:01,060][cxrclip.trainer][INFO] - {'Recall@1': 38.4, 'Recall@5': 62.0, 'Recall@10': 70.8, 'MeanRank': 21.69, 'sum': 171.2}
[2025-01-30 04:02:01,060][cxrclip.trainer][INFO] - {'Recall@1': 39.3, 'Recall@5': 64.1, 'Recall@10': 71.6, 'MeanRank': 23.933, 'sum': 175.0}
[2025-01-30 04:02:01,060][cxrclip.trainer][INFO] - ('{Patience', 13, " SUMMARY= 349.2 Best Pair{'i2t': {'Recall@1': 39.4, 'Recall@5': 63.6, 'Recall@10': 71.5, 'MeanRank': 19.149, 'sum': 174.5}, 't2i': {'Recall@1': 39.7, 'Recall@5': 63.3, 'Recall@10': 71.7, 'MeanRank': 23.639, 'sum': 174.7}}")
[2025-01-30 04:02:01,060][cxrclip.trainer][INFO] - Learning rate decayed by 2x at epoch 32. New LR: 1.25e-05
[2025-01-30 04:15:26,939][cxrclip.trainer][INFO] - Learning rate decayed by 2x at epoch 33. New LR: 6.25e-06
[2025-01-30 04:15:27,008][cxrclip.trainer][INFO] - Learning rate decayed by 2x at epoch 33. New LR: 6.25e-06
[2025-01-30 04:15:27,108][cxrclip.trainer][INFO] - Learning rate decayed by 2x at epoch 33. New LR: 6.25e-06
[2025-01-30 04:15:30,409][cxrclip.trainer][INFO] - -------------------Epoch 33 ------------------------
[2025-01-30 04:15:30,409][cxrclip.trainer][INFO] - {'Recall@1': 41.3, 'Recall@5': 63.1, 'Recall@10': 71.9, 'MeanRank': 21.986, 'sum': 176.3}
[2025-01-30 04:15:30,409][cxrclip.trainer][INFO] - {'Recall@1': 39.7, 'Recall@5': 65.5, 'Recall@10': 73.3, 'MeanRank': 24.245, 'sum': 178.5}
[2025-01-30 04:15:30,409][cxrclip.trainer][INFO] - ('{Patience', 0, " SUMMARY= 354.8 Best Pair{'i2t': {'Recall@1': 41.3, 'Recall@5': 63.1, 'Recall@10': 71.9, 'MeanRank': 21.986, 'sum': 176.3}, 't2i': {'Recall@1': 39.7, 'Recall@5': 65.5, 'Recall@10': 73.3, 'MeanRank': 24.245, 'sum': 178.5}}")
[2025-01-30 04:15:30,410][cxrclip.trainer][INFO] - Learning rate decayed by 2x at epoch 33. New LR: 6.25e-06
[2025-01-30 04:28:50,142][cxrclip.trainer][INFO] - -------------------Epoch 34 ------------------------
[2025-01-30 04:28:50,142][cxrclip.trainer][INFO] - {'Recall@1': 41.0, 'Recall@5': 63.8, 'Recall@10': 71.7, 'MeanRank': 22.247, 'sum': 176.5}
[2025-01-30 04:28:50,142][cxrclip.trainer][INFO] - {'Recall@1': 40.2, 'Recall@5': 64.7, 'Recall@10': 72.5, 'MeanRank': 24.849, 'sum': 177.4}
[2025-01-30 04:28:50,142][cxrclip.trainer][INFO] - ('{Patience', 1, " SUMMARY= 354.8 Best Pair{'i2t': {'Recall@1': 41.3, 'Recall@5': 63.1, 'Recall@10': 71.9, 'MeanRank': 21.986, 'sum': 176.3}, 't2i': {'Recall@1': 39.7, 'Recall@5': 65.5, 'Recall@10': 73.3, 'MeanRank': 24.245, 'sum': 178.5}}")
[2025-01-30 04:42:17,209][cxrclip.trainer][INFO] - -------------------Epoch 35 ------------------------
[2025-01-30 04:42:17,209][cxrclip.trainer][INFO] - {'Recall@1': 40.7, 'Recall@5': 63.8, 'Recall@10': 71.9, 'MeanRank': 22.089, 'sum': 176.4}
[2025-01-30 04:42:17,209][cxrclip.trainer][INFO] - {'Recall@1': 40.6, 'Recall@5': 64.7, 'Recall@10': 72.3, 'MeanRank': 24.434, 'sum': 177.60000000000002}
[2025-01-30 04:42:17,209][cxrclip.trainer][INFO] - ('{Patience', 2, " SUMMARY= 354.8 Best Pair{'i2t': {'Recall@1': 41.3, 'Recall@5': 63.1, 'Recall@10': 71.9, 'MeanRank': 21.986, 'sum': 176.3}, 't2i': {'Recall@1': 39.7, 'Recall@5': 65.5, 'Recall@10': 73.3, 'MeanRank': 24.245, 'sum': 178.5}}")
[2025-01-30 04:55:41,983][cxrclip.trainer][INFO] - Learning rate decayed by 2x at epoch 36. New LR: 3.125e-06
[2025-01-30 04:55:42,039][cxrclip.trainer][INFO] - Learning rate decayed by 2x at epoch 36. New LR: 3.125e-06
[2025-01-30 04:55:42,044][cxrclip.trainer][INFO] - Learning rate decayed by 2x at epoch 36. New LR: 3.125e-06
[2025-01-30 04:55:45,392][cxrclip.trainer][INFO] - -------------------Epoch 36 ------------------------
[2025-01-30 04:55:45,393][cxrclip.trainer][INFO] - {'Recall@1': 41.3, 'Recall@5': 63.4, 'Recall@10': 72.1, 'MeanRank': 22.379, 'sum': 176.79999999999998}
[2025-01-30 04:55:45,393][cxrclip.trainer][INFO] - {'Recall@1': 39.9, 'Recall@5': 65.1, 'Recall@10': 72.7, 'MeanRank': 25.275, 'sum': 177.7}
[2025-01-30 04:55:45,393][cxrclip.trainer][INFO] - ('{Patience', 3, " SUMMARY= 354.8 Best Pair{'i2t': {'Recall@1': 41.3, 'Recall@5': 63.1, 'Recall@10': 71.9, 'MeanRank': 21.986, 'sum': 176.3}, 't2i': {'Recall@1': 39.7, 'Recall@5': 65.5, 'Recall@10': 73.3, 'MeanRank': 24.245, 'sum': 178.5}}")
[2025-01-30 04:55:45,393][cxrclip.trainer][INFO] - Learning rate decayed by 2x at epoch 36. New LR: 3.125e-06
[2025-01-30 05:09:12,499][cxrclip.trainer][INFO] - -------------------Epoch 37 ------------------------
[2025-01-30 05:09:12,500][cxrclip.trainer][INFO] - {'Recall@1': 41.4, 'Recall@5': 63.4, 'Recall@10': 72.5, 'MeanRank': 22.35, 'sum': 177.3}
[2025-01-30 05:09:12,500][cxrclip.trainer][INFO] - {'Recall@1': 40.2, 'Recall@5': 65.2, 'Recall@10': 72.3, 'MeanRank': 24.863, 'sum': 177.7}
[2025-01-30 05:09:12,500][cxrclip.trainer][INFO] - ('{Patience', 0, " SUMMARY= 355.0 Best Pair{'i2t': {'Recall@1': 41.4, 'Recall@5': 63.4, 'Recall@10': 72.5, 'MeanRank': 22.35, 'sum': 177.3}, 't2i': {'Recall@1': 40.2, 'Recall@5': 65.2, 'Recall@10': 72.3, 'MeanRank': 24.863, 'sum': 177.7}}")
[2025-01-30 05:22:35,050][cxrclip.trainer][INFO] - -------------------Epoch 38 ------------------------
[2025-01-30 05:22:35,050][cxrclip.trainer][INFO] - {'Recall@1': 41.6, 'Recall@5': 63.4, 'Recall@10': 71.6, 'MeanRank': 22.5, 'sum': 176.6}
[2025-01-30 05:22:35,050][cxrclip.trainer][INFO] - {'Recall@1': 40.3, 'Recall@5': 64.6, 'Recall@10': 72.1, 'MeanRank': 25.153, 'sum': 177.0}
[2025-01-30 05:22:35,050][cxrclip.trainer][INFO] - ('{Patience', 1, " SUMMARY= 355.0 Best Pair{'i2t': {'Recall@1': 41.4, 'Recall@5': 63.4, 'Recall@10': 72.5, 'MeanRank': 22.35, 'sum': 177.3}, 't2i': {'Recall@1': 40.2, 'Recall@5': 65.2, 'Recall@10': 72.3, 'MeanRank': 24.863, 'sum': 177.7}}")
[2025-01-30 05:36:04,015][cxrclip.trainer][INFO] - -------------------Epoch 39 ------------------------
[2025-01-30 05:36:04,015][cxrclip.trainer][INFO] - {'Recall@1': 40.9, 'Recall@5': 63.1, 'Recall@10': 71.6, 'MeanRank': 23.009, 'sum': 175.6}
[2025-01-30 05:36:04,015][cxrclip.trainer][INFO] - {'Recall@1': 39.8, 'Recall@5': 64.9, 'Recall@10': 72.3, 'MeanRank': 25.502, 'sum': 177.0}
[2025-01-30 05:36:04,015][cxrclip.trainer][INFO] - ('{Patience', 2, " SUMMARY= 355.0 Best Pair{'i2t': {'Recall@1': 41.4, 'Recall@5': 63.4, 'Recall@10': 72.5, 'MeanRank': 22.35, 'sum': 177.3}, 't2i': {'Recall@1': 40.2, 'Recall@5': 65.2, 'Recall@10': 72.3, 'MeanRank': 24.863, 'sum': 177.7}}")
[2025-01-30 05:49:29,788][cxrclip.trainer][INFO] - -------------------Epoch 40 ------------------------
[2025-01-30 05:49:29,788][cxrclip.trainer][INFO] - {'Recall@1': 41.6, 'Recall@5': 63.7, 'Recall@10': 71.6, 'MeanRank': 23.319, 'sum': 176.9}
[2025-01-30 05:49:29,788][cxrclip.trainer][INFO] - {'Recall@1': 40.0, 'Recall@5': 65.6, 'Recall@10': 72.1, 'MeanRank': 25.885, 'sum': 177.7}
[2025-01-30 05:49:29,789][cxrclip.trainer][INFO] - ('{Patience', 3, " SUMMARY= 355.0 Best Pair{'i2t': {'Recall@1': 41.4, 'Recall@5': 63.4, 'Recall@10': 72.5, 'MeanRank': 22.35, 'sum': 177.3}, 't2i': {'Recall@1': 40.2, 'Recall@5': 65.2, 'Recall@10': 72.3, 'MeanRank': 24.863, 'sum': 177.7}}")
[2025-01-30 06:02:49,031][cxrclip.trainer][INFO] - Learning rate decayed by 2x at epoch 41. New LR: 1.5625e-06
[2025-01-30 06:02:49,043][cxrclip.trainer][INFO] - Learning rate decayed by 2x at epoch 41. New LR: 1.5625e-06
[2025-01-30 06:02:49,080][cxrclip.trainer][INFO] - Learning rate decayed by 2x at epoch 41. New LR: 1.5625e-06
[2025-01-30 06:02:52,292][cxrclip.trainer][INFO] - -------------------Epoch 41 ------------------------
[2025-01-30 06:02:52,293][cxrclip.trainer][INFO] - {'Recall@1': 41.4, 'Recall@5': 63.1, 'Recall@10': 72.0, 'MeanRank': 23.281, 'sum': 176.5}
[2025-01-30 06:02:52,293][cxrclip.trainer][INFO] - {'Recall@1': 40.1, 'Recall@5': 64.7, 'Recall@10': 72.5, 'MeanRank': 25.645, 'sum': 177.3}
[2025-01-30 06:02:52,293][cxrclip.trainer][INFO] - ('{Patience', 4, " SUMMARY= 355.0 Best Pair{'i2t': {'Recall@1': 41.4, 'Recall@5': 63.4, 'Recall@10': 72.5, 'MeanRank': 22.35, 'sum': 177.3}, 't2i': {'Recall@1': 40.2, 'Recall@5': 65.2, 'Recall@10': 72.3, 'MeanRank': 24.863, 'sum': 177.7}}")
[2025-01-30 06:02:52,293][cxrclip.trainer][INFO] - Learning rate decayed by 2x at epoch 41. New LR: 1.5625e-06
[2025-01-30 06:16:12,130][cxrclip.trainer][INFO] - Learning rate decayed by 2x at epoch 42. New LR: 7.8125e-07
[2025-01-30 06:16:12,157][cxrclip.trainer][INFO] - Learning rate decayed by 2x at epoch 42. New LR: 7.8125e-07
[2025-01-30 06:16:12,189][cxrclip.trainer][INFO] - Learning rate decayed by 2x at epoch 42. New LR: 7.8125e-07
[2025-01-30 06:16:15,434][cxrclip.trainer][INFO] - -------------------Epoch 42 ------------------------
[2025-01-30 06:16:15,435][cxrclip.trainer][INFO] - {'Recall@1': 41.5, 'Recall@5': 63.3, 'Recall@10': 71.8, 'MeanRank': 23.281, 'sum': 176.6}
[2025-01-30 06:16:15,435][cxrclip.trainer][INFO] - {'Recall@1': 40.3, 'Recall@5': 64.6, 'Recall@10': 73.0, 'MeanRank': 26.062, 'sum': 177.89999999999998}
[2025-01-30 06:16:15,435][cxrclip.trainer][INFO] - ('{Patience', 5, " SUMMARY= 355.0 Best Pair{'i2t': {'Recall@1': 41.4, 'Recall@5': 63.4, 'Recall@10': 72.5, 'MeanRank': 22.35, 'sum': 177.3}, 't2i': {'Recall@1': 40.2, 'Recall@5': 65.2, 'Recall@10': 72.3, 'MeanRank': 24.863, 'sum': 177.7}}")
[2025-01-30 06:16:15,435][cxrclip.trainer][INFO] - Learning rate decayed by 2x at epoch 42. New LR: 7.8125e-07
[2025-01-30 06:29:39,545][cxrclip.trainer][INFO] - Learning rate decayed by 2x at epoch 43. New LR: 3.90625e-07
[2025-01-30 06:29:39,552][cxrclip.trainer][INFO] - Learning rate decayed by 2x at epoch 43. New LR: 3.90625e-07
[2025-01-30 06:29:39,603][cxrclip.trainer][INFO] - Learning rate decayed by 2x at epoch 43. New LR: 3.90625e-07
[2025-01-30 06:29:42,903][cxrclip.trainer][INFO] - -------------------Epoch 43 ------------------------
[2025-01-30 06:29:42,903][cxrclip.trainer][INFO] - {'Recall@1': 41.1, 'Recall@5': 62.9, 'Recall@10': 71.8, 'MeanRank': 23.388, 'sum': 175.8}
[2025-01-30 06:29:42,903][cxrclip.trainer][INFO] - {'Recall@1': 40.2, 'Recall@5': 64.8, 'Recall@10': 72.9, 'MeanRank': 26.189, 'sum': 177.9}
[2025-01-30 06:29:42,903][cxrclip.trainer][INFO] - ('{Patience', 6, " SUMMARY= 355.0 Best Pair{'i2t': {'Recall@1': 41.4, 'Recall@5': 63.4, 'Recall@10': 72.5, 'MeanRank': 22.35, 'sum': 177.3}, 't2i': {'Recall@1': 40.2, 'Recall@5': 65.2, 'Recall@10': 72.3, 'MeanRank': 24.863, 'sum': 177.7}}")
[2025-01-30 06:29:42,904][cxrclip.trainer][INFO] - Learning rate decayed by 2x at epoch 43. New LR: 3.90625e-07
[2025-01-30 06:43:07,290][cxrclip.trainer][INFO] - -------------------Epoch 44 ------------------------
[2025-01-30 06:43:07,291][cxrclip.trainer][INFO] - {'Recall@1': 41.5, 'Recall@5': 63.0, 'Recall@10': 72.0, 'MeanRank': 23.382, 'sum': 176.5}
[2025-01-30 06:43:07,291][cxrclip.trainer][INFO] - {'Recall@1': 40.1, 'Recall@5': 64.3, 'Recall@10': 72.9, 'MeanRank': 26.203, 'sum': 177.3}
[2025-01-30 06:43:07,291][cxrclip.trainer][INFO] - ('{Patience', 7, " SUMMARY= 355.0 Best Pair{'i2t': {'Recall@1': 41.4, 'Recall@5': 63.4, 'Recall@10': 72.5, 'MeanRank': 22.35, 'sum': 177.3}, 't2i': {'Recall@1': 40.2, 'Recall@5': 65.2, 'Recall@10': 72.3, 'MeanRank': 24.863, 'sum': 177.7}}")
[2025-01-30 06:56:31,548][cxrclip.trainer][INFO] - -------------------Epoch 45 ------------------------
[2025-01-30 06:56:31,549][cxrclip.trainer][INFO] - {'Recall@1': 40.8, 'Recall@5': 63.0, 'Recall@10': 72.1, 'MeanRank': 23.378, 'sum': 175.89999999999998}
[2025-01-30 06:56:31,549][cxrclip.trainer][INFO] - {'Recall@1': 40.4, 'Recall@5': 64.5, 'Recall@10': 72.8, 'MeanRank': 26.196, 'sum': 177.7}
[2025-01-30 06:56:31,549][cxrclip.trainer][INFO] - ('{Patience', 8, " SUMMARY= 355.0 Best Pair{'i2t': {'Recall@1': 41.4, 'Recall@5': 63.4, 'Recall@10': 72.5, 'MeanRank': 22.35, 'sum': 177.3}, 't2i': {'Recall@1': 40.2, 'Recall@5': 65.2, 'Recall@10': 72.3, 'MeanRank': 24.863, 'sum': 177.7}}")
[2025-01-30 07:10:00,069][cxrclip.trainer][INFO] - -------------------Epoch 46 ------------------------
[2025-01-30 07:10:00,069][cxrclip.trainer][INFO] - {'Recall@1': 41.2, 'Recall@5': 63.3, 'Recall@10': 72.2, 'MeanRank': 23.499, 'sum': 176.7}
[2025-01-30 07:10:00,069][cxrclip.trainer][INFO] - {'Recall@1': 41.0, 'Recall@5': 64.1, 'Recall@10': 73.1, 'MeanRank': 26.294, 'sum': 178.2}
[2025-01-30 07:10:00,069][cxrclip.trainer][INFO] - ('{Patience', 9, " SUMMARY= 355.0 Best Pair{'i2t': {'Recall@1': 41.4, 'Recall@5': 63.4, 'Recall@10': 72.5, 'MeanRank': 22.35, 'sum': 177.3}, 't2i': {'Recall@1': 40.2, 'Recall@5': 65.2, 'Recall@10': 72.3, 'MeanRank': 24.863, 'sum': 177.7}}")
[2025-01-30 07:23:32,511][cxrclip.trainer][INFO] - -------------------Epoch 47 ------------------------
[2025-01-30 07:23:32,511][cxrclip.trainer][INFO] - {'Recall@1': 41.3, 'Recall@5': 62.9, 'Recall@10': 72.1, 'MeanRank': 23.389, 'sum': 176.29999999999998}
[2025-01-30 07:23:32,511][cxrclip.trainer][INFO] - {'Recall@1': 41.0, 'Recall@5': 64.7, 'Recall@10': 72.7, 'MeanRank': 26.259, 'sum': 178.4}
[2025-01-30 07:23:32,511][cxrclip.trainer][INFO] - ('{Patience', 10, " SUMMARY= 355.0 Best Pair{'i2t': {'Recall@1': 41.4, 'Recall@5': 63.4, 'Recall@10': 72.5, 'MeanRank': 22.35, 'sum': 177.3}, 't2i': {'Recall@1': 40.2, 'Recall@5': 65.2, 'Recall@10': 72.3, 'MeanRank': 24.863, 'sum': 177.7}}")
[2025-01-30 07:36:57,608][cxrclip.trainer][INFO] - -------------------Epoch 48 ------------------------
[2025-01-30 07:36:57,608][cxrclip.trainer][INFO] - {'Recall@1': 41.4, 'Recall@5': 63.1, 'Recall@10': 72.2, 'MeanRank': 23.426, 'sum': 176.7}
[2025-01-30 07:36:57,608][cxrclip.trainer][INFO] - {'Recall@1': 40.3, 'Recall@5': 64.5, 'Recall@10': 72.8, 'MeanRank': 26.251, 'sum': 177.6}
[2025-01-30 07:36:57,608][cxrclip.trainer][INFO] - ('{Patience', 11, " SUMMARY= 355.0 Best Pair{'i2t': {'Recall@1': 41.4, 'Recall@5': 63.4, 'Recall@10': 72.5, 'MeanRank': 22.35, 'sum': 177.3}, 't2i': {'Recall@1': 40.2, 'Recall@5': 65.2, 'Recall@10': 72.3, 'MeanRank': 24.863, 'sum': 177.7}}")
[2025-01-30 07:50:22,618][cxrclip.trainer][INFO] - -------------------Epoch 49 ------------------------
[2025-01-30 07:50:22,618][cxrclip.trainer][INFO] - {'Recall@1': 41.4, 'Recall@5': 63.2, 'Recall@10': 72.4, 'MeanRank': 23.333, 'sum': 177.0}
[2025-01-30 07:50:22,618][cxrclip.trainer][INFO] - {'Recall@1': 40.6, 'Recall@5': 64.6, 'Recall@10': 72.7, 'MeanRank': 26.154, 'sum': 177.89999999999998}
[2025-01-30 07:50:22,618][cxrclip.trainer][INFO] - ('{Patience', 12, " SUMMARY= 355.0 Best Pair{'i2t': {'Recall@1': 41.4, 'Recall@5': 63.4, 'Recall@10': 72.5, 'MeanRank': 22.35, 'sum': 177.3}, 't2i': {'Recall@1': 40.2, 'Recall@5': 65.2, 'Recall@10': 72.3, 'MeanRank': 24.863, 'sum': 177.7}}")
[2025-01-30 08:03:47,349][cxrclip.trainer][INFO] - -------------------Epoch 50 ------------------------
[2025-01-30 08:03:47,350][cxrclip.trainer][INFO] - {'Recall@1': 41.4, 'Recall@5': 63.3, 'Recall@10': 72.1, 'MeanRank': 23.361, 'sum': 176.79999999999998}
[2025-01-30 08:03:47,350][cxrclip.trainer][INFO] - {'Recall@1': 40.6, 'Recall@5': 64.5, 'Recall@10': 72.6, 'MeanRank': 26.218, 'sum': 177.7}
[2025-01-30 08:03:47,350][cxrclip.trainer][INFO] - ('{Patience', 13, " SUMMARY= 355.0 Best Pair{'i2t': {'Recall@1': 41.4, 'Recall@5': 63.4, 'Recall@10': 72.5, 'MeanRank': 22.35, 'sum': 177.3}, 't2i': {'Recall@1': 40.2, 'Recall@5': 65.2, 'Recall@10': 72.3, 'MeanRank': 24.863, 'sum': 177.7}}")
[2025-01-30 08:17:09,600][cxrclip.trainer][INFO] - -------------------Epoch 51 ------------------------
[2025-01-30 08:17:09,600][cxrclip.trainer][INFO] - {'Recall@1': 41.5, 'Recall@5': 63.1, 'Recall@10': 72.5, 'MeanRank': 23.412, 'sum': 177.1}
[2025-01-30 08:17:09,601][cxrclip.trainer][INFO] - {'Recall@1': 40.1, 'Recall@5': 64.7, 'Recall@10': 72.5, 'MeanRank': 26.239, 'sum': 177.3}
[2025-01-30 08:17:09,601][cxrclip.trainer][INFO] - ('{Patience', 14, " SUMMARY= 355.0 Best Pair{'i2t': {'Recall@1': 41.4, 'Recall@5': 63.4, 'Recall@10': 72.5, 'MeanRank': 22.35, 'sum': 177.3}, 't2i': {'Recall@1': 40.2, 'Recall@5': 65.2, 'Recall@10': 72.3, 'MeanRank': 24.863, 'sum': 177.7}}")
[2025-01-30 08:30:33,175][cxrclip.trainer][INFO] - -------------------Epoch 52 ------------------------
[2025-01-30 08:30:33,176][cxrclip.trainer][INFO] - {'Recall@1': 41.4, 'Recall@5': 63.2, 'Recall@10': 72.2, 'MeanRank': 23.391, 'sum': 176.8}
[2025-01-30 08:30:33,176][cxrclip.trainer][INFO] - {'Recall@1': 40.3, 'Recall@5': 64.7, 'Recall@10': 72.3, 'MeanRank': 26.319, 'sum': 177.3}
[2025-01-30 08:30:33,176][cxrclip.trainer][INFO] - ('{Patience', 15, " SUMMARY= 355.0 Best Pair{'i2t': {'Recall@1': 41.4, 'Recall@5': 63.4, 'Recall@10': 72.5, 'MeanRank': 22.35, 'sum': 177.3}, 't2i': {'Recall@1': 40.2, 'Recall@5': 65.2, 'Recall@10': 72.3, 'MeanRank': 24.863, 'sum': 177.7}}")
[2025-01-30 08:44:01,607][cxrclip.trainer][INFO] - -------------------Epoch 53 ------------------------
[2025-01-30 08:44:01,607][cxrclip.trainer][INFO] - {'Recall@1': 41.5, 'Recall@5': 63.3, 'Recall@10': 72.0, 'MeanRank': 23.471, 'sum': 176.8}
[2025-01-30 08:44:01,607][cxrclip.trainer][INFO] - {'Recall@1': 40.3, 'Recall@5': 64.4, 'Recall@10': 72.3, 'MeanRank': 26.353, 'sum': 177.0}
[2025-01-30 08:44:01,607][cxrclip.trainer][INFO] - ('{Patience', 16, " SUMMARY= 355.0 Best Pair{'i2t': {'Recall@1': 41.4, 'Recall@5': 63.4, 'Recall@10': 72.5, 'MeanRank': 22.35, 'sum': 177.3}, 't2i': {'Recall@1': 40.2, 'Recall@5': 65.2, 'Recall@10': 72.3, 'MeanRank': 24.863, 'sum': 177.7}}")
[2025-01-30 08:57:28,613][cxrclip.trainer][INFO] - -------------------Epoch 54 ------------------------
[2025-01-30 08:57:28,613][cxrclip.trainer][INFO] - {'Recall@1': 41.4, 'Recall@5': 63.4, 'Recall@10': 72.2, 'MeanRank': 23.486, 'sum': 177.0}
[2025-01-30 08:57:28,613][cxrclip.trainer][INFO] - {'Recall@1': 40.3, 'Recall@5': 64.4, 'Recall@10': 72.2, 'MeanRank': 26.449, 'sum': 176.9}
[2025-01-30 08:57:28,613][cxrclip.trainer][INFO] - ('{Patience', 17, " SUMMARY= 355.0 Best Pair{'i2t': {'Recall@1': 41.4, 'Recall@5': 63.4, 'Recall@10': 72.5, 'MeanRank': 22.35, 'sum': 177.3}, 't2i': {'Recall@1': 40.2, 'Recall@5': 65.2, 'Recall@10': 72.3, 'MeanRank': 24.863, 'sum': 177.7}}")
[2025-01-30 09:10:52,065][cxrclip.trainer][INFO] - -------------------Epoch 55 ------------------------
[2025-01-30 09:10:52,066][cxrclip.trainer][INFO] - {'Recall@1': 41.0, 'Recall@5': 63.5, 'Recall@10': 72.5, 'MeanRank': 23.459, 'sum': 177.0}
[2025-01-30 09:10:52,066][cxrclip.trainer][INFO] - {'Recall@1': 40.6, 'Recall@5': 64.3, 'Recall@10': 72.5, 'MeanRank': 26.344, 'sum': 177.4}
[2025-01-30 09:10:52,066][cxrclip.trainer][INFO] - ('{Patience', 18, " SUMMARY= 355.0 Best Pair{'i2t': {'Recall@1': 41.4, 'Recall@5': 63.4, 'Recall@10': 72.5, 'MeanRank': 22.35, 'sum': 177.3}, 't2i': {'Recall@1': 40.2, 'Recall@5': 65.2, 'Recall@10': 72.3, 'MeanRank': 24.863, 'sum': 177.7}}")
[2025-01-30 09:24:17,954][cxrclip.trainer][INFO] - -------------------Epoch 56 ------------------------
[2025-01-30 09:24:17,954][cxrclip.trainer][INFO] - {'Recall@1': 41.3, 'Recall@5': 63.0, 'Recall@10': 72.3, 'MeanRank': 23.462, 'sum': 176.6}
[2025-01-30 09:24:17,955][cxrclip.trainer][INFO] - {'Recall@1': 40.5, 'Recall@5': 64.3, 'Recall@10': 72.4, 'MeanRank': 26.358, 'sum': 177.2}
[2025-01-30 09:24:17,955][cxrclip.trainer][INFO] - ('{Patience', 19, " SUMMARY= 355.0 Best Pair{'i2t': {'Recall@1': 41.4, 'Recall@5': 63.4, 'Recall@10': 72.5, 'MeanRank': 22.35, 'sum': 177.3}, 't2i': {'Recall@1': 40.2, 'Recall@5': 65.2, 'Recall@10': 72.3, 'MeanRank': 24.863, 'sum': 177.7}}")
[2025-01-30 09:37:47,347][cxrclip.trainer][INFO] - -------------------Epoch 57 ------------------------
[2025-01-30 09:37:47,347][cxrclip.trainer][INFO] - {'Recall@1': 41.4, 'Recall@5': 63.3, 'Recall@10': 72.3, 'MeanRank': 23.44, 'sum': 177.0}
[2025-01-30 09:37:47,347][cxrclip.trainer][INFO] - {'Recall@1': 40.4, 'Recall@5': 64.2, 'Recall@10': 72.3, 'MeanRank': 26.314, 'sum': 176.89999999999998}
[2025-01-30 09:37:47,347][cxrclip.trainer][INFO] - ('{Patience', 20, " SUMMARY= 355.0 Best Pair{'i2t': {'Recall@1': 41.4, 'Recall@5': 63.4, 'Recall@10': 72.5, 'MeanRank': 22.35, 'sum': 177.3}, 't2i': {'Recall@1': 40.2, 'Recall@5': 65.2, 'Recall@10': 72.3, 'MeanRank': 24.863, 'sum': 177.7}}")
[2025-01-30 09:51:12,749][cxrclip.trainer][INFO] - -------------------Epoch 58 ------------------------
[2025-01-30 09:51:12,750][cxrclip.trainer][INFO] - {'Recall@1': 41.3, 'Recall@5': 63.3, 'Recall@10': 72.0, 'MeanRank': 23.54, 'sum': 176.6}
[2025-01-30 09:51:12,750][cxrclip.trainer][INFO] - {'Recall@1': 40.4, 'Recall@5': 64.4, 'Recall@10': 72.5, 'MeanRank': 26.425, 'sum': 177.3}
[2025-01-30 09:51:12,750][cxrclip.trainer][INFO] - ('{Patience', 21, " SUMMARY= 355.0 Best Pair{'i2t': {'Recall@1': 41.4, 'Recall@5': 63.4, 'Recall@10': 72.5, 'MeanRank': 22.35, 'sum': 177.3}, 't2i': {'Recall@1': 40.2, 'Recall@5': 65.2, 'Recall@10': 72.3, 'MeanRank': 24.863, 'sum': 177.7}}")
[2025-01-30 10:04:36,293][cxrclip.trainer][INFO] - -------------------Epoch 59 ------------------------
[2025-01-30 10:04:36,294][cxrclip.trainer][INFO] - {'Recall@1': 41.2, 'Recall@5': 63.2, 'Recall@10': 72.0, 'MeanRank': 23.593, 'sum': 176.4}
[2025-01-30 10:04:36,294][cxrclip.trainer][INFO] - {'Recall@1': 40.3, 'Recall@5': 64.4, 'Recall@10': 72.5, 'MeanRank': 26.56, 'sum': 177.2}
[2025-01-30 10:04:36,294][cxrclip.trainer][INFO] - ('{Patience', 22, " SUMMARY= 355.0 Best Pair{'i2t': {'Recall@1': 41.4, 'Recall@5': 63.4, 'Recall@10': 72.5, 'MeanRank': 22.35, 'sum': 177.3}, 't2i': {'Recall@1': 40.2, 'Recall@5': 65.2, 'Recall@10': 72.3, 'MeanRank': 24.863, 'sum': 177.7}}")
[2025-01-30 10:18:03,667][cxrclip.trainer][INFO] - -------------------Epoch 60 ------------------------
[2025-01-30 10:18:03,667][cxrclip.trainer][INFO] - {'Recall@1': 41.2, 'Recall@5': 63.1, 'Recall@10': 72.1, 'MeanRank': 23.583, 'sum': 176.4}
[2025-01-30 10:18:03,668][cxrclip.trainer][INFO] - {'Recall@1': 40.1, 'Recall@5': 64.3, 'Recall@10': 72.2, 'MeanRank': 26.466, 'sum': 176.60000000000002}
[2025-01-30 10:18:03,668][cxrclip.trainer][INFO] - ('{Patience', 23, " SUMMARY= 355.0 Best Pair{'i2t': {'Recall@1': 41.4, 'Recall@5': 63.4, 'Recall@10': 72.5, 'MeanRank': 22.35, 'sum': 177.3}, 't2i': {'Recall@1': 40.2, 'Recall@5': 65.2, 'Recall@10': 72.3, 'MeanRank': 24.863, 'sum': 177.7}}")
[2025-01-30 10:31:30,051][cxrclip.trainer][INFO] - -------------------Epoch 61 ------------------------
[2025-01-30 10:31:30,051][cxrclip.trainer][INFO] - {'Recall@1': 41.5, 'Recall@5': 63.0, 'Recall@10': 71.9, 'MeanRank': 23.661, 'sum': 176.4}
[2025-01-30 10:31:30,051][cxrclip.trainer][INFO] - {'Recall@1': 40.4, 'Recall@5': 64.6, 'Recall@10': 72.3, 'MeanRank': 26.574, 'sum': 177.3}
[2025-01-30 10:31:30,051][cxrclip.trainer][INFO] - ('{Patience', 24, " SUMMARY= 355.0 Best Pair{'i2t': {'Recall@1': 41.4, 'Recall@5': 63.4, 'Recall@10': 72.5, 'MeanRank': 22.35, 'sum': 177.3}, 't2i': {'Recall@1': 40.2, 'Recall@5': 65.2, 'Recall@10': 72.3, 'MeanRank': 24.863, 'sum': 177.7}}")
[2025-01-30 10:44:54,613][cxrclip.trainer][INFO] - -------------------Epoch 62 ------------------------
[2025-01-30 10:44:54,613][cxrclip.trainer][INFO] - {'Recall@1': 41.3, 'Recall@5': 63.0, 'Recall@10': 72.0, 'MeanRank': 23.586, 'sum': 176.3}
[2025-01-30 10:44:54,613][cxrclip.trainer][INFO] - {'Recall@1': 40.2, 'Recall@5': 64.6, 'Recall@10': 72.4, 'MeanRank': 26.576, 'sum': 177.2}
[2025-01-30 10:44:54,614][cxrclip.trainer][INFO] - ('{Patience', 25, " SUMMARY= 355.0 Best Pair{'i2t': {'Recall@1': 41.4, 'Recall@5': 63.4, 'Recall@10': 72.5, 'MeanRank': 22.35, 'sum': 177.3}, 't2i': {'Recall@1': 40.2, 'Recall@5': 65.2, 'Recall@10': 72.3, 'MeanRank': 24.863, 'sum': 177.7}}")
[2025-01-30 10:58:17,649][cxrclip.trainer][INFO] - -------------------Epoch 63 ------------------------
[2025-01-30 10:58:17,649][cxrclip.trainer][INFO] - {'Recall@1': 41.1, 'Recall@5': 63.1, 'Recall@10': 72.4, 'MeanRank': 23.592, 'sum': 176.60000000000002}
[2025-01-30 10:58:17,649][cxrclip.trainer][INFO] - {'Recall@1': 40.4, 'Recall@5': 64.6, 'Recall@10': 72.2, 'MeanRank': 26.538, 'sum': 177.2}
[2025-01-30 10:58:17,650][cxrclip.trainer][INFO] - ('{Patience', 26, " SUMMARY= 355.0 Best Pair{'i2t': {'Recall@1': 41.4, 'Recall@5': 63.4, 'Recall@10': 72.5, 'MeanRank': 22.35, 'sum': 177.3}, 't2i': {'Recall@1': 40.2, 'Recall@5': 65.2, 'Recall@10': 72.3, 'MeanRank': 24.863, 'sum': 177.7}}")
[2025-01-30 11:11:44,237][cxrclip.trainer][INFO] - -------------------Epoch 64 ------------------------
[2025-01-30 11:11:44,238][cxrclip.trainer][INFO] - {'Recall@1': 40.9, 'Recall@5': 62.8, 'Recall@10': 72.3, 'MeanRank': 23.579, 'sum': 176.0}
[2025-01-30 11:11:44,238][cxrclip.trainer][INFO] - {'Recall@1': 40.4, 'Recall@5': 64.2, 'Recall@10': 72.4, 'MeanRank': 26.511, 'sum': 177.0}
[2025-01-30 11:11:44,238][cxrclip.trainer][INFO] - ('{Patience', 27, " SUMMARY= 355.0 Best Pair{'i2t': {'Recall@1': 41.4, 'Recall@5': 63.4, 'Recall@10': 72.5, 'MeanRank': 22.35, 'sum': 177.3}, 't2i': {'Recall@1': 40.2, 'Recall@5': 65.2, 'Recall@10': 72.3, 'MeanRank': 24.863, 'sum': 177.7}}")
[2025-01-30 11:25:07,098][cxrclip.trainer][INFO] - -------------------Epoch 65 ------------------------
[2025-01-30 11:25:07,098][cxrclip.trainer][INFO] - {'Recall@1': 41.2, 'Recall@5': 63.1, 'Recall@10': 72.2, 'MeanRank': 23.614, 'sum': 176.5}
[2025-01-30 11:25:07,098][cxrclip.trainer][INFO] - {'Recall@1': 40.3, 'Recall@5': 64.0, 'Recall@10': 71.9, 'MeanRank': 26.54, 'sum': 176.2}
[2025-01-30 11:25:07,099][cxrclip.trainer][INFO] - ('{Patience', 28, " SUMMARY= 355.0 Best Pair{'i2t': {'Recall@1': 41.4, 'Recall@5': 63.4, 'Recall@10': 72.5, 'MeanRank': 22.35, 'sum': 177.3}, 't2i': {'Recall@1': 40.2, 'Recall@5': 65.2, 'Recall@10': 72.3, 'MeanRank': 24.863, 'sum': 177.7}}")
[2025-01-30 11:38:32,067][cxrclip.trainer][INFO] - -------------------Epoch 66 ------------------------
[2025-01-30 11:38:32,067][cxrclip.trainer][INFO] - {'Recall@1': 41.2, 'Recall@5': 62.9, 'Recall@10': 72.1, 'MeanRank': 23.717, 'sum': 176.2}
[2025-01-30 11:38:32,067][cxrclip.trainer][INFO] - {'Recall@1': 40.5, 'Recall@5': 64.7, 'Recall@10': 72.2, 'MeanRank': 26.588, 'sum': 177.4}
[2025-01-30 11:38:32,067][cxrclip.trainer][INFO] - ('{Patience', 29, " SUMMARY= 355.0 Best Pair{'i2t': {'Recall@1': 41.4, 'Recall@5': 63.4, 'Recall@10': 72.5, 'MeanRank': 22.35, 'sum': 177.3}, 't2i': {'Recall@1': 40.2, 'Recall@5': 65.2, 'Recall@10': 72.3, 'MeanRank': 24.863, 'sum': 177.7}}")
[2025-01-30 11:51:58,848][cxrclip.trainer][INFO] - -------------------Epoch 67 ------------------------
[2025-01-30 11:51:58,849][cxrclip.trainer][INFO] - {'Recall@1': 41.0, 'Recall@5': 62.9, 'Recall@10': 72.2, 'MeanRank': 23.665, 'sum': 176.10000000000002}
[2025-01-30 11:51:58,849][cxrclip.trainer][INFO] - {'Recall@1': 40.7, 'Recall@5': 64.2, 'Recall@10': 72.3, 'MeanRank': 26.649, 'sum': 177.2}
[2025-01-30 11:51:58,849][cxrclip.trainer][INFO] - ('{Patience', 30, " SUMMARY= 355.0 Best Pair{'i2t': {'Recall@1': 41.4, 'Recall@5': 63.4, 'Recall@10': 72.5, 'MeanRank': 22.35, 'sum': 177.3}, 't2i': {'Recall@1': 40.2, 'Recall@5': 65.2, 'Recall@10': 72.3, 'MeanRank': 24.863, 'sum': 177.7}}")
[2025-01-30 12:05:25,912][cxrclip.trainer][INFO] - -------------------Epoch 68 ------------------------
[2025-01-30 12:05:25,912][cxrclip.trainer][INFO] - {'Recall@1': 40.8, 'Recall@5': 63.2, 'Recall@10': 72.1, 'MeanRank': 23.701, 'sum': 176.1}
[2025-01-30 12:05:25,912][cxrclip.trainer][INFO] - {'Recall@1': 40.6, 'Recall@5': 64.1, 'Recall@10': 72.4, 'MeanRank': 26.592, 'sum': 177.1}
[2025-01-30 12:05:25,913][cxrclip.trainer][INFO] - ('{Patience', 31, " SUMMARY= 355.0 Best Pair{'i2t': {'Recall@1': 41.4, 'Recall@5': 63.4, 'Recall@10': 72.5, 'MeanRank': 22.35, 'sum': 177.3}, 't2i': {'Recall@1': 40.2, 'Recall@5': 65.2, 'Recall@10': 72.3, 'MeanRank': 24.863, 'sum': 177.7}}")
[2025-01-30 12:18:54,592][cxrclip.trainer][INFO] - -------------------Epoch 69 ------------------------
[2025-01-30 12:18:54,592][cxrclip.trainer][INFO] - {'Recall@1': 40.8, 'Recall@5': 63.3, 'Recall@10': 72.3, 'MeanRank': 23.785, 'sum': 176.39999999999998}
[2025-01-30 12:18:54,592][cxrclip.trainer][INFO] - {'Recall@1': 39.9, 'Recall@5': 64.5, 'Recall@10': 72.4, 'MeanRank': 26.711, 'sum': 176.8}
[2025-01-30 12:18:54,592][cxrclip.trainer][INFO] - ('{Patience', 32, " SUMMARY= 355.0 Best Pair{'i2t': {'Recall@1': 41.4, 'Recall@5': 63.4, 'Recall@10': 72.5, 'MeanRank': 22.35, 'sum': 177.3}, 't2i': {'Recall@1': 40.2, 'Recall@5': 65.2, 'Recall@10': 72.3, 'MeanRank': 24.863, 'sum': 177.7}}")
[2025-01-30 12:32:19,045][cxrclip.trainer][INFO] - -------------------Epoch 70 ------------------------
[2025-01-30 12:32:19,045][cxrclip.trainer][INFO] - {'Recall@1': 41.0, 'Recall@5': 63.3, 'Recall@10': 72.4, 'MeanRank': 23.694, 'sum': 176.7}
[2025-01-30 12:32:19,045][cxrclip.trainer][INFO] - {'Recall@1': 39.9, 'Recall@5': 64.6, 'Recall@10': 72.2, 'MeanRank': 26.645, 'sum': 176.7}
[2025-01-30 12:32:19,045][cxrclip.trainer][INFO] - ('{Patience', 33, " SUMMARY= 355.0 Best Pair{'i2t': {'Recall@1': 41.4, 'Recall@5': 63.4, 'Recall@10': 72.5, 'MeanRank': 22.35, 'sum': 177.3}, 't2i': {'Recall@1': 40.2, 'Recall@5': 65.2, 'Recall@10': 72.3, 'MeanRank': 24.863, 'sum': 177.7}}")
[2025-01-30 12:45:48,447][cxrclip.trainer][INFO] - -------------------Epoch 71 ------------------------
[2025-01-30 12:45:48,448][cxrclip.trainer][INFO] - {'Recall@1': 41.0, 'Recall@5': 63.1, 'Recall@10': 72.2, 'MeanRank': 23.734, 'sum': 176.3}
[2025-01-30 12:45:48,448][cxrclip.trainer][INFO] - {'Recall@1': 40.5, 'Recall@5': 64.5, 'Recall@10': 72.0, 'MeanRank': 26.712, 'sum': 177.0}
[2025-01-30 12:45:48,448][cxrclip.trainer][INFO] - ('{Patience', 34, " SUMMARY= 355.0 Best Pair{'i2t': {'Recall@1': 41.4, 'Recall@5': 63.4, 'Recall@10': 72.5, 'MeanRank': 22.35, 'sum': 177.3}, 't2i': {'Recall@1': 40.2, 'Recall@5': 65.2, 'Recall@10': 72.3, 'MeanRank': 24.863, 'sum': 177.7}}")
[2025-01-30 12:59:12,321][cxrclip.trainer][INFO] - -------------------Epoch 72 ------------------------
[2025-01-30 12:59:12,322][cxrclip.trainer][INFO] - {'Recall@1': 41.4, 'Recall@5': 63.3, 'Recall@10': 71.9, 'MeanRank': 23.724, 'sum': 176.6}
[2025-01-30 12:59:12,322][cxrclip.trainer][INFO] - {'Recall@1': 40.3, 'Recall@5': 64.7, 'Recall@10': 72.2, 'MeanRank': 26.742, 'sum': 177.2}
[2025-01-30 12:59:12,322][cxrclip.trainer][INFO] - ('{Patience', 35, " SUMMARY= 355.0 Best Pair{'i2t': {'Recall@1': 41.4, 'Recall@5': 63.4, 'Recall@10': 72.5, 'MeanRank': 22.35, 'sum': 177.3}, 't2i': {'Recall@1': 40.2, 'Recall@5': 65.2, 'Recall@10': 72.3, 'MeanRank': 24.863, 'sum': 177.7}}")
[2025-01-30 13:12:33,432][cxrclip.trainer][INFO] - -------------------Epoch 73 ------------------------
[2025-01-30 13:12:33,433][cxrclip.trainer][INFO] - {'Recall@1': 41.4, 'Recall@5': 62.9, 'Recall@10': 72.1, 'MeanRank': 23.841, 'sum': 176.39999999999998}
[2025-01-30 13:12:33,433][cxrclip.trainer][INFO] - {'Recall@1': 40.4, 'Recall@5': 64.5, 'Recall@10': 72.0, 'MeanRank': 26.759, 'sum': 176.9}
[2025-01-30 13:12:33,433][cxrclip.trainer][INFO] - ('{Patience', 36, " SUMMARY= 355.0 Best Pair{'i2t': {'Recall@1': 41.4, 'Recall@5': 63.4, 'Recall@10': 72.5, 'MeanRank': 22.35, 'sum': 177.3}, 't2i': {'Recall@1': 40.2, 'Recall@5': 65.2, 'Recall@10': 72.3, 'MeanRank': 24.863, 'sum': 177.7}}")
[2025-01-30 13:25:58,933][cxrclip.trainer][INFO] - -------------------Epoch 74 ------------------------
[2025-01-30 13:25:58,933][cxrclip.trainer][INFO] - {'Recall@1': 41.1, 'Recall@5': 63.0, 'Recall@10': 72.1, 'MeanRank': 23.831, 'sum': 176.2}
[2025-01-30 13:25:58,933][cxrclip.trainer][INFO] - {'Recall@1': 40.3, 'Recall@5': 64.5, 'Recall@10': 72.1, 'MeanRank': 26.607, 'sum': 176.89999999999998}
[2025-01-30 13:25:58,933][cxrclip.trainer][INFO] - ('{Patience', 37, " SUMMARY= 355.0 Best Pair{'i2t': {'Recall@1': 41.4, 'Recall@5': 63.4, 'Recall@10': 72.5, 'MeanRank': 22.35, 'sum': 177.3}, 't2i': {'Recall@1': 40.2, 'Recall@5': 65.2, 'Recall@10': 72.3, 'MeanRank': 24.863, 'sum': 177.7}}")
[2025-01-30 13:39:24,298][cxrclip.trainer][INFO] - -------------------Epoch 75 ------------------------
[2025-01-30 13:39:24,298][cxrclip.trainer][INFO] - {'Recall@1': 41.3, 'Recall@5': 63.0, 'Recall@10': 72.0, 'MeanRank': 23.857, 'sum': 176.3}
[2025-01-30 13:39:24,298][cxrclip.trainer][INFO] - {'Recall@1': 40.5, 'Recall@5': 64.3, 'Recall@10': 72.1, 'MeanRank': 26.716, 'sum': 176.89999999999998}
[2025-01-30 13:39:24,298][cxrclip.trainer][INFO] - ('{Patience', 38, " SUMMARY= 355.0 Best Pair{'i2t': {'Recall@1': 41.4, 'Recall@5': 63.4, 'Recall@10': 72.5, 'MeanRank': 22.35, 'sum': 177.3}, 't2i': {'Recall@1': 40.2, 'Recall@5': 65.2, 'Recall@10': 72.3, 'MeanRank': 24.863, 'sum': 177.7}}")
[2025-01-30 13:52:48,060][cxrclip.trainer][INFO] - -------------------Epoch 76 ------------------------
[2025-01-30 13:52:48,060][cxrclip.trainer][INFO] - {'Recall@1': 41.3, 'Recall@5': 62.9, 'Recall@10': 72.2, 'MeanRank': 23.941, 'sum': 176.39999999999998}
[2025-01-30 13:52:48,061][cxrclip.trainer][INFO] - {'Recall@1': 40.2, 'Recall@5': 64.5, 'Recall@10': 72.3, 'MeanRank': 26.831, 'sum': 177.0}
[2025-01-30 13:52:48,061][cxrclip.trainer][INFO] - ('{Patience', 39, " SUMMARY= 355.0 Best Pair{'i2t': {'Recall@1': 41.4, 'Recall@5': 63.4, 'Recall@10': 72.5, 'MeanRank': 22.35, 'sum': 177.3}, 't2i': {'Recall@1': 40.2, 'Recall@5': 65.2, 'Recall@10': 72.3, 'MeanRank': 24.863, 'sum': 177.7}}")
[2025-01-30 14:06:09,606][cxrclip.trainer][INFO] - -------------------Epoch 77 ------------------------
[2025-01-30 14:06:09,606][cxrclip.trainer][INFO] - {'Recall@1': 41.4, 'Recall@5': 63.0, 'Recall@10': 72.0, 'MeanRank': 24.058, 'sum': 176.4}
[2025-01-30 14:06:09,607][cxrclip.trainer][INFO] - {'Recall@1': 40.2, 'Recall@5': 64.4, 'Recall@10': 72.3, 'MeanRank': 26.829, 'sum': 176.9}
[2025-01-30 14:06:09,607][cxrclip.trainer][INFO] - ('{Patience', 40, " SUMMARY= 355.0 Best Pair{'i2t': {'Recall@1': 41.4, 'Recall@5': 63.4, 'Recall@10': 72.5, 'MeanRank': 22.35, 'sum': 177.3}, 't2i': {'Recall@1': 40.2, 'Recall@5': 65.2, 'Recall@10': 72.3, 'MeanRank': 24.863, 'sum': 177.7}}")
[2025-01-30 14:19:40,110][cxrclip.trainer][INFO] - -------------------Epoch 78 ------------------------
[2025-01-30 14:19:40,111][cxrclip.trainer][INFO] - {'Recall@1': 41.2, 'Recall@5': 63.0, 'Recall@10': 72.4, 'MeanRank': 24.014, 'sum': 176.60000000000002}
[2025-01-30 14:19:40,111][cxrclip.trainer][INFO] - {'Recall@1': 40.5, 'Recall@5': 64.5, 'Recall@10': 72.1, 'MeanRank': 26.775, 'sum': 177.1}
[2025-01-30 14:19:40,111][cxrclip.trainer][INFO] - ('{Patience', 41, " SUMMARY= 355.0 Best Pair{'i2t': {'Recall@1': 41.4, 'Recall@5': 63.4, 'Recall@10': 72.5, 'MeanRank': 22.35, 'sum': 177.3}, 't2i': {'Recall@1': 40.2, 'Recall@5': 65.2, 'Recall@10': 72.3, 'MeanRank': 24.863, 'sum': 177.7}}")
[2025-01-30 14:33:03,091][cxrclip.trainer][INFO] - -------------------Epoch 79 ------------------------
[2025-01-30 14:33:03,092][cxrclip.trainer][INFO] - {'Recall@1': 41.2, 'Recall@5': 63.1, 'Recall@10': 71.9, 'MeanRank': 24.015, 'sum': 176.20000000000002}
[2025-01-30 14:33:03,092][cxrclip.trainer][INFO] - {'Recall@1': 40.2, 'Recall@5': 64.5, 'Recall@10': 72.1, 'MeanRank': 26.847, 'sum': 176.8}
[2025-01-30 14:33:03,092][cxrclip.trainer][INFO] - ('{Patience', 42, " SUMMARY= 355.0 Best Pair{'i2t': {'Recall@1': 41.4, 'Recall@5': 63.4, 'Recall@10': 72.5, 'MeanRank': 22.35, 'sum': 177.3}, 't2i': {'Recall@1': 40.2, 'Recall@5': 65.2, 'Recall@10': 72.3, 'MeanRank': 24.863, 'sum': 177.7}}")
[2025-01-30 14:46:23,042][cxrclip.trainer][INFO] - cuda:0: Training has been completed
[2025-01-30 14:46:23,090][cxrclip.trainer][INFO] - cuda:1: Training has been completed
[2025-01-30 14:46:23,136][cxrclip.trainer][INFO] - cuda:3: Training has been completed
[2025-01-30 14:46:23,147][cxrclip.trainer][INFO] - cuda:2: Training has been completed
